This is pdfTeX, Version 3.141592653-2.6-1.40.25 (TeX Live 2023) (preloaded format=pdflatex 2023.6.23)  13 SEP 2024 14:10
entering extended mode
 restricted \write18 enabled.
 %&-line parsing enabled.
**supp2.tex
(./supp2.tex
LaTeX2e <2022-11-01> patch level 1
L3 programming layer <2023-02-22>
(/usr/local/texlive/2023/texmf-dist/tex/latex/base/article.cls
Document Class: article 2022/07/02 v1.4n Standard LaTeX document class
(/usr/local/texlive/2023/texmf-dist/tex/latex/base/size12.clo
File: size12.clo 2022/07/02 v1.4n Standard LaTeX file (size option)
)
\c@part=\count185
\c@section=\count186
\c@subsection=\count187
\c@subsubsection=\count188
\c@paragraph=\count189
\c@subparagraph=\count190
\c@figure=\count191
\c@table=\count192
\abovecaptionskip=\skip48
\belowcaptionskip=\skip49
\bibindent=\dimen140
)
(/usr/local/texlive/2023/texmf-dist/tex/latex/base/inputenc.sty
Package: inputenc 2021/02/14 v1.3d Input encoding file
\inpenc@prehook=\toks16
\inpenc@posthook=\toks17
)
(/usr/local/texlive/2023/texmf-dist/tex/latex/tools/tabularx.sty
Package: tabularx 2020/01/15 v2.11c `tabularx' package (DPC)

(/usr/local/texlive/2023/texmf-dist/tex/latex/tools/array.sty
Package: array 2022/09/04 v2.5g Tabular extension package (FMi)
\col@sep=\dimen141
\ar@mcellbox=\box51
\extrarowheight=\dimen142
\NC@list=\toks18
\extratabsurround=\skip50
\backup@length=\skip51
\ar@cellbox=\box52
)
\TX@col@width=\dimen143
\TX@old@table=\dimen144
\TX@old@col=\dimen145
\TX@target=\dimen146
\TX@delta=\dimen147
\TX@cols=\count193
\TX@ftn=\toks19
)
(/usr/local/texlive/2023/texmf-dist/tex/latex/amsmath/amsmath.sty
Package: amsmath 2022/04/08 v2.17n AMS math features
\@mathmargin=\skip52

For additional information on amsmath, use the `?' option.
(/usr/local/texlive/2023/texmf-dist/tex/latex/amsmath/amstext.sty
Package: amstext 2021/08/26 v2.01 AMS text

(/usr/local/texlive/2023/texmf-dist/tex/latex/amsmath/amsgen.sty
File: amsgen.sty 1999/11/30 v2.0 generic functions
\@emptytoks=\toks20
\ex@=\dimen148
))
(/usr/local/texlive/2023/texmf-dist/tex/latex/amsmath/amsbsy.sty
Package: amsbsy 1999/11/29 v1.2d Bold Symbols
\pmbraise@=\dimen149
)
(/usr/local/texlive/2023/texmf-dist/tex/latex/amsmath/amsopn.sty
Package: amsopn 2022/04/08 v2.04 operator names
)
\inf@bad=\count194
LaTeX Info: Redefining \frac on input line 234.
\uproot@=\count195
\leftroot@=\count196
LaTeX Info: Redefining \overline on input line 399.
LaTeX Info: Redefining \colon on input line 410.
\classnum@=\count197
\DOTSCASE@=\count198
LaTeX Info: Redefining \ldots on input line 496.
LaTeX Info: Redefining \dots on input line 499.
LaTeX Info: Redefining \cdots on input line 620.
\Mathstrutbox@=\box53
\strutbox@=\box54
LaTeX Info: Redefining \big on input line 722.
LaTeX Info: Redefining \Big on input line 723.
LaTeX Info: Redefining \bigg on input line 724.
LaTeX Info: Redefining \Bigg on input line 725.
\big@size=\dimen150
LaTeX Font Info:    Redeclaring font encoding OML on input line 743.
LaTeX Font Info:    Redeclaring font encoding OMS on input line 744.
\macc@depth=\count199
LaTeX Info: Redefining \bmod on input line 905.
LaTeX Info: Redefining \pmod on input line 910.
LaTeX Info: Redefining \smash on input line 940.
LaTeX Info: Redefining \relbar on input line 970.
LaTeX Info: Redefining \Relbar on input line 971.
\c@MaxMatrixCols=\count266
\dotsspace@=\muskip16
\c@parentequation=\count267
\dspbrk@lvl=\count268
\tag@help=\toks21
\row@=\count269
\column@=\count270
\maxfields@=\count271
\andhelp@=\toks22
\eqnshift@=\dimen151
\alignsep@=\dimen152
\tagshift@=\dimen153
\tagwidth@=\dimen154
\totwidth@=\dimen155
\lineht@=\dimen156
\@envbody=\toks23
\multlinegap=\skip53
\multlinetaggap=\skip54
\mathdisplay@stack=\toks24
LaTeX Info: Redefining \[ on input line 2953.
LaTeX Info: Redefining \] on input line 2954.
)
(/usr/local/texlive/2023/texmf-dist/tex/latex/preprint/authblk.sty
Package: authblk 2001/02/27 1.3 (PWD)
\affilsep=\skip55
\@affilsep=\skip56
\c@Maxaffil=\count272
\c@authors=\count273
\c@affil=\count274
)
(/usr/local/texlive/2023/texmf-dist/tex/latex/appendix/appendix.sty
Package: appendix 2020/02/08 v1.2c extra appendix facilities
\c@@pps=\count275
\c@@ppsavesec=\count276
\c@@ppsaveapp=\count277
)
(/usr/local/texlive/2023/texmf-dist/tex/generic/ulem/ulem.sty
\UL@box=\box55
\UL@hyphenbox=\box56
\UL@skip=\skip57
\UL@hook=\toks25
\UL@height=\dimen157
\UL@pe=\count278
\UL@pixel=\dimen158
\ULC@box=\box57
Package: ulem 2019/11/18
\ULdepth=\dimen159
)
(/usr/local/texlive/2023/texmf-dist/tex/latex/geometry/geometry.sty
Package: geometry 2020/01/02 v5.9 Page Geometry

(/usr/local/texlive/2023/texmf-dist/tex/latex/graphics/keyval.sty
Package: keyval 2022/05/29 v1.15 key=value parser (DPC)
\KV@toks@=\toks26
)
(/usr/local/texlive/2023/texmf-dist/tex/generic/iftex/ifvtex.sty
Package: ifvtex 2019/10/25 v1.7 ifvtex legacy package. Use iftex instead.

(/usr/local/texlive/2023/texmf-dist/tex/generic/iftex/iftex.sty
Package: iftex 2022/02/03 v1.0f TeX engine tests
))
\Gm@cnth=\count279
\Gm@cntv=\count280
\c@Gm@tempcnt=\count281
\Gm@bindingoffset=\dimen160
\Gm@wd@mp=\dimen161
\Gm@odd@mp=\dimen162
\Gm@even@mp=\dimen163
\Gm@layoutwidth=\dimen164
\Gm@layoutheight=\dimen165
\Gm@layouthoffset=\dimen166
\Gm@layoutvoffset=\dimen167
\Gm@dimlist=\toks27
)
(/usr/local/texlive/2023/texmf-dist/tex/latex/amsfonts/amssymb.sty
Package: amssymb 2013/01/14 v3.01 AMS font symbols

(/usr/local/texlive/2023/texmf-dist/tex/latex/amsfonts/amsfonts.sty
Package: amsfonts 2013/01/14 v3.01 Basic AMSFonts support
\symAMSa=\mathgroup4
\symAMSb=\mathgroup5
LaTeX Font Info:    Redeclaring math symbol \hbar on input line 98.
LaTeX Font Info:    Overwriting math alphabet `\mathfrak' in version `bold'
(Font)                  U/euf/m/n --> U/euf/b/n on input line 106.
))
(/usr/local/texlive/2023/texmf-dist/tex/latex/tools/bm.sty
Package: bm 2022/01/05 v1.2f Bold Symbol Support (DPC/FMi)
\symboldoperators=\mathgroup6
\symboldletters=\mathgroup7
\symboldsymbols=\mathgroup8
Package bm Info: No bold for \OMX/cmex/m/n, using \pmb.
Package bm Info: No bold for \U/msa/m/n, using \pmb.
Package bm Info: No bold for \U/msb/m/n, using \pmb.
LaTeX Font Info:    Redeclaring math alphabet \mathbf on input line 149.
)
(/usr/local/texlive/2023/texmf-dist/tex/latex/epstopdf-pkg/epstopdf.sty
Package: epstopdf 2020-01-24 v2.11 Conversion with epstopdf on the fly (HO)

(/usr/local/texlive/2023/texmf-dist/tex/generic/infwarerr/infwarerr.sty
Package: infwarerr 2019/12/03 v1.5 Providing info/warning/error messages (HO)
)
(/usr/local/texlive/2023/texmf-dist/tex/latex/grfext/grfext.sty
Package: grfext 2019/12/03 v1.3 Manage graphics extensions (HO)

(/usr/local/texlive/2023/texmf-dist/tex/generic/kvdefinekeys/kvdefinekeys.sty
Package: kvdefinekeys 2019-12-19 v1.6 Define keys (HO)
)) (/usr/local/texlive/2023/texmf-dist/tex/latex/kvoptions/kvoptions.sty
Package: kvoptions 2022-06-15 v3.15 Key value format for package options (HO)

(/usr/local/texlive/2023/texmf-dist/tex/generic/ltxcmds/ltxcmds.sty
Package: ltxcmds 2020-05-10 v1.25 LaTeX kernel commands for general use (HO)
)
(/usr/local/texlive/2023/texmf-dist/tex/latex/kvsetkeys/kvsetkeys.sty
Package: kvsetkeys 2022-10-05 v1.19 Key value parser (HO)
))
(/usr/local/texlive/2023/texmf-dist/tex/generic/pdftexcmds/pdftexcmds.sty
Package: pdftexcmds 2020-06-27 v0.33 Utility functions of pdfTeX for LuaTeX (HO
)
Package pdftexcmds Info: \pdf@primitive is available.
Package pdftexcmds Info: \pdf@ifprimitive is available.
Package pdftexcmds Info: \pdfdraftmode found.
)
(/usr/local/texlive/2023/texmf-dist/tex/latex/epstopdf-pkg/epstopdf-base.sty
Package: epstopdf-base 2020-01-24 v2.11 Base part for package epstopdf


Package epstopdf Warning: No graphics package `graphic{s,x}' loaded.

)) (/usr/local/texlive/2023/texmf-dist/tex/latex/epigraph/epigraph.sty
Package: epigraph 2020/01/02 v1.5e typesetting epigraphs

(/usr/local/texlive/2023/texmf-dist/tex/latex/nextpage/nextpage.sty
Package: nextpage 2009/09/03 v1.1a additional page commands
)
\beforeepigraphskip=\skip58
\afterepigraphskip=\skip59
\epigraphwidth=\skip60
\epigraphrule=\skip61
)
(/usr/local/texlive/2023/texmf-dist/tex/latex/isomath/isomath.sty
Package: isomath 2012/09/04 v0.6.1 ISO math style

(/usr/local/texlive/2023/texmf-dist/tex/latex/fixmath/fixmath.sty
Package: fixmath 2022/10/06 v0.9.1 (WaS)
LaTeX Font Info:    Redeclaring math symbol \Gamma on input line 27.
LaTeX Font Info:    Redeclaring math symbol \Delta on input line 28.
LaTeX Font Info:    Redeclaring math symbol \Theta on input line 29.
LaTeX Font Info:    Redeclaring math symbol \Lambda on input line 30.
LaTeX Font Info:    Redeclaring math symbol \Xi on input line 31.
LaTeX Font Info:    Redeclaring math symbol \Pi on input line 32.
LaTeX Font Info:    Redeclaring math symbol \Sigma on input line 33.
LaTeX Font Info:    Redeclaring math symbol \Upsilon on input line 34.
LaTeX Font Info:    Redeclaring math symbol \Phi on input line 35.
LaTeX Font Info:    Redeclaring math symbol \Psi on input line 36.
LaTeX Font Info:    Redeclaring math symbol \Omega on input line 37.
LaTeX Font Info:    Redeclaring math symbol \alpha on input line 38.
LaTeX Font Info:    Redeclaring math symbol \beta on input line 39.
LaTeX Font Info:    Redeclaring math symbol \gamma on input line 40.
LaTeX Font Info:    Redeclaring math symbol \delta on input line 41.
LaTeX Font Info:    Redeclaring math symbol \epsilon on input line 42.
LaTeX Font Info:    Redeclaring math symbol \zeta on input line 43.
LaTeX Font Info:    Redeclaring math symbol \eta on input line 44.
LaTeX Font Info:    Redeclaring math symbol \theta on input line 45.
LaTeX Font Info:    Redeclaring math symbol \iota on input line 46.
LaTeX Font Info:    Redeclaring math symbol \kappa on input line 47.
LaTeX Font Info:    Redeclaring math symbol \lambda on input line 48.
LaTeX Font Info:    Redeclaring math symbol \mu on input line 49.
LaTeX Font Info:    Redeclaring math symbol \nu on input line 50.
LaTeX Font Info:    Redeclaring math symbol \xi on input line 51.
LaTeX Font Info:    Redeclaring math symbol \pi on input line 52.
LaTeX Font Info:    Redeclaring math symbol \rho on input line 53.
LaTeX Font Info:    Redeclaring math symbol \sigma on input line 54.
LaTeX Font Info:    Redeclaring math symbol \tau on input line 55.
LaTeX Font Info:    Redeclaring math symbol \upsilon on input line 56.
LaTeX Font Info:    Redeclaring math symbol \phi on input line 57.
LaTeX Font Info:    Redeclaring math symbol \chi on input line 58.
LaTeX Font Info:    Redeclaring math symbol \psi on input line 59.
LaTeX Font Info:    Redeclaring math symbol \omega on input line 60.
LaTeX Font Info:    Redeclaring math symbol \varepsilon on input line 61.
LaTeX Font Info:    Redeclaring math symbol \vartheta on input line 62.
LaTeX Font Info:    Redeclaring math symbol \varpi on input line 63.
LaTeX Font Info:    Redeclaring math symbol \varphi on input line 64.
LaTeX Font Info:    Redeclaring math symbol \varrho on input line 65.
LaTeX Font Info:    Redeclaring math symbol \varsigma on input line 66.
))
(/usr/local/texlive/2023/texmf-dist/tex/generic/babel/babel.sty
Package: babel 2023/02/13 3.86 The Babel package
\babel@savecnt=\count282
\U@D=\dimen168
\l@unhyphenated=\language87

(/usr/local/texlive/2023/texmf-dist/tex/generic/babel/txtbabel.def)
\bbl@readstream=\read2
\bbl@dirlevel=\count283

(/usr/local/texlive/2023/texmf-dist/tex/generic/babel-english/english.ldf
Language: english 2017/06/06 v3.3r English support from the babel system
Package babel Info: Hyphen rules for 'canadian' set to \l@english
(babel)             (\language0). Reported on input line 102.
Package babel Info: Hyphen rules for 'australian' set to \l@ukenglish
(babel)             (\language21). Reported on input line 105.
Package babel Info: Hyphen rules for 'newzealand' set to \l@ukenglish
(babel)             (\language21). Reported on input line 108.
))
(/usr/local/texlive/2023/texmf-dist/tex/generic/babel/locale/en/babel-english.t
ex
Package babel Info: Importing font and identification data for english
(babel)             from babel-en.ini. Reported on input line 11.
) (/usr/local/texlive/2023/texmf-dist/tex/latex/caption/caption.sty
Package: caption 2023/03/12 v3.6j Customizing captions (AR)

(/usr/local/texlive/2023/texmf-dist/tex/latex/caption/caption3.sty
Package: caption3 2023/03/12 v2.4 caption3 kernel (AR)
\caption@tempdima=\dimen169
\captionmargin=\dimen170
\caption@leftmargin=\dimen171
\caption@rightmargin=\dimen172
\caption@width=\dimen173
\caption@indent=\dimen174
\caption@parindent=\dimen175
\caption@hangindent=\dimen176
Package caption Info: Standard document class detected.
)
\c@caption@flags=\count284
\c@continuedfloat=\count285
)
(/usr/local/texlive/2023/texmf-dist/tex/latex/placeins/placeins.sty
Package: placeins 2005/04/18  v 2.2
)
(/usr/local/texlive/2023/texmf-dist/tex/latex/comment/comment.sty
\CommentStream=\write3

Excluding comment 'comment')
(/usr/local/texlive/2023/texmf-dist/tex/latex/paralist/paralist.sty
Package: paralist 2017/01/22 v2.7 Extended list environments
\pltopsep=\skip62
\plpartopsep=\skip63
\plitemsep=\skip64
\plparsep=\skip65
\pl@lab=\toks28
)
(/usr/local/texlive/2023/texmf-dist/tex/latex/enumitem/enumitem.sty
Package: enumitem 2019/06/20 v3.9 Customized lists
\labelindent=\skip66
\enit@outerparindent=\dimen177
\enit@toks=\toks29
\enit@inbox=\box58
\enit@count@id=\count286
\enitdp@description=\count287
)
(/usr/local/texlive/2023/texmf-dist/tex/latex/graphics/graphicx.sty
Package: graphicx 2021/09/16 v1.2d Enhanced LaTeX Graphics (DPC,SPQR)

(/usr/local/texlive/2023/texmf-dist/tex/latex/graphics/graphics.sty
Package: graphics 2022/03/10 v1.4e Standard LaTeX Graphics (DPC,SPQR)

(/usr/local/texlive/2023/texmf-dist/tex/latex/graphics/trig.sty
Package: trig 2021/08/11 v1.11 sin cos tan (DPC)
)
(/usr/local/texlive/2023/texmf-dist/tex/latex/graphics-cfg/graphics.cfg
File: graphics.cfg 2016/06/04 v1.11 sample graphics configuration
)
Package graphics Info: Driver file: pdftex.def on input line 107.

(/usr/local/texlive/2023/texmf-dist/tex/latex/graphics-def/pdftex.def
File: pdftex.def 2022/09/22 v1.2b Graphics/color driver for pdftex
))
\Gin@req@height=\dimen178
\Gin@req@width=\dimen179
)
(/usr/local/texlive/2023/texmf-dist/tex/latex/float/float.sty
Package: float 2001/11/08 v1.3d Float enhancements (AL)
\c@float@type=\count288
\float@exts=\toks30
\float@box=\box59
\@float@everytoks=\toks31
\@floatcapt=\box60
)
(/usr/local/texlive/2023/texmf-dist/tex/latex/tools/dcolumn.sty
Package: dcolumn 2014/10/28 v1.06 decimal alignment package (DPC)
)
(/usr/local/texlive/2023/texmf-dist/tex/latex/multirow/multirow.sty
Package: multirow 2021/03/15 v2.8 Span multiple rows of a table
\multirow@colwidth=\skip67
\multirow@cntb=\count289
\multirow@dima=\skip68
\bigstrutjot=\dimen180
)
(/usr/local/texlive/2023/texmf-dist/tex/latex/xcolor/xcolor.sty
Package: xcolor 2022/06/12 v2.14 LaTeX color extensions (UK)

(/usr/local/texlive/2023/texmf-dist/tex/latex/graphics-cfg/color.cfg
File: color.cfg 2016/01/02 v1.6 sample color configuration
)
Package xcolor Info: Driver file: pdftex.def on input line 227.

(/usr/local/texlive/2023/texmf-dist/tex/latex/colortbl/colortbl.sty
Package: colortbl 2022/06/20 v1.0f Color table columns (DPC)
\everycr=\toks32
\minrowclearance=\skip69
\rownum=\count290
)
(/usr/local/texlive/2023/texmf-dist/tex/latex/graphics/mathcolor.ltx)
Package xcolor Info: Model `cmy' substituted by `cmy0' on input line 1353.
Package xcolor Info: Model `hsb' substituted by `rgb' on input line 1357.
Package xcolor Info: Model `RGB' extended on input line 1369.
Package xcolor Info: Model `HTML' substituted by `rgb' on input line 1371.
Package xcolor Info: Model `Hsb' substituted by `hsb' on input line 1372.
Package xcolor Info: Model `tHsb' substituted by `hsb' on input line 1373.
Package xcolor Info: Model `HSB' substituted by `hsb' on input line 1374.
Package xcolor Info: Model `Gray' substituted by `gray' on input line 1375.
Package xcolor Info: Model `wave' substituted by `hsb' on input line 1376.
)
(/usr/local/texlive/2023/texmf-dist/tex/latex/footmisc/footmisc.sty
Package: footmisc 2022/03/08 v6.0d a miscellany of footnote facilities
\FN@temptoken=\toks33
\footnotemargin=\dimen181
\@outputbox@depth=\dimen182
Package footmisc Info: Declaring symbol style bringhurst on input line 695.
Package footmisc Info: Declaring symbol style chicago on input line 703.
Package footmisc Info: Declaring symbol style wiley on input line 712.
Package footmisc Info: Declaring symbol style lamport-robust on input line 723.

Package footmisc Info: Declaring symbol style lamport* on input line 743.
Package footmisc Info: Declaring symbol style lamport*-robust on input line 764
.
)
(/usr/local/texlive/2023/texmf-dist/tex/latex/graphics/rotating.sty
Package: rotating 2016/08/11 v2.16d rotated objects in LaTeX

(/usr/local/texlive/2023/texmf-dist/tex/latex/base/ifthen.sty
Package: ifthen 2022/04/13 v1.1d Standard LaTeX ifthen package (DPC)
)
\c@r@tfl@t=\count291
\rotFPtop=\skip70
\rotFPbot=\skip71
\rot@float@box=\box61
\rot@mess@toks=\toks34
)
(/usr/local/texlive/2023/texmf-dist/tex/latex/subfigure/subfigure.sty
Package: subfigure 2002/03/15 v2.1.5 subfigure package
\subfigtopskip=\skip72
\subfigcapskip=\skip73
\subfigcaptopadj=\dimen183
\subfigbottomskip=\skip74
\subfigcapmargin=\dimen184
\subfiglabelskip=\skip75
\c@subfigure=\count292
\c@lofdepth=\count293
\c@subtable=\count294
\c@lotdepth=\count295

****************************************
* Local config file subfigure.cfg used *
****************************************
(/usr/local/texlive/2023/texmf-dist/tex/latex/subfigure/subfigure.cfg)
\subfig@top=\skip76
\subfig@bottom=\skip77
)
(/usr/local/texlive/2023/texmf-dist/tex/latex/pdflscape/pdflscape.sty
Package: pdflscape 2022-10-27 v0.13 Display of landscape pages in PDF

(/usr/local/texlive/2023/texmf-dist/tex/latex/pdflscape/pdflscape-nometadata.st
y
Package: pdflscape-nometadata 2022-10-28 v0.13 Display of landscape pages in PD
F (HO)
 (/usr/local/texlive/2023/texmf-dist/tex/latex/graphics/lscape.sty
Package: lscape 2020/05/28 v3.02 Landscape Pages (DPC)
)
Package pdflscape Info: Auto-detected driver: pdftex on input line 81.
))
(/usr/local/texlive/2023/texmf-dist/tex/latex/setspace/setspace.sty
Package: setspace 2022/12/04 v6.7b set line spacing
)
(/usr/local/texlive/2023/texmf-dist/tex/latex/csquotes/csquotes.sty
Package: csquotes 2022-09-14 v5.2n context-sensitive quotations (JAW)

(/usr/local/texlive/2023/texmf-dist/tex/latex/etoolbox/etoolbox.sty
Package: etoolbox 2020/10/05 v2.5k e-TeX tools for LaTeX (JAW)
\etb@tempcnta=\count296
)
\csq@reset=\count297
\csq@gtype=\count298
\csq@glevel=\count299
\csq@qlevel=\count300
\csq@maxlvl=\count301
\csq@tshold=\count302
\csq@ltx@everypar=\toks35

(/usr/local/texlive/2023/texmf-dist/tex/latex/csquotes/csquotes.def
File: csquotes.def 2022-09-14 v5.2n csquotes generic definitions (JAW)
)
Package csquotes Info: Trying to load configuration file 'csquotes.cfg'...
Package csquotes Info: ... configuration file loaded successfully.

(/usr/local/texlive/2023/texmf-dist/tex/latex/csquotes/csquotes.cfg
File: csquotes.cfg 
))
(/usr/local/texlive/2023/texmf-dist/tex/latex/biblatex/biblatex.sty
Package: biblatex 2023/03/05 v3.19 programmable bibliographies (PK/MW)

(/usr/local/texlive/2023/texmf-dist/tex/latex/logreq/logreq.sty
Package: logreq 2010/08/04 v1.0 xml request logger
\lrq@indent=\count303

(/usr/local/texlive/2023/texmf-dist/tex/latex/logreq/logreq.def
File: logreq.def 2010/08/04 v1.0 logreq spec v1.0
))
(/usr/local/texlive/2023/texmf-dist/tex/latex/url/url.sty
\Urlmuskip=\muskip17
Package: url 2013/09/16  ver 3.4  Verb mode for urls, etc.
)
\c@tabx@nest=\count304
\c@listtotal=\count305
\c@listcount=\count306
\c@liststart=\count307
\c@liststop=\count308
\c@citecount=\count309
\c@citetotal=\count310
\c@multicitecount=\count311
\c@multicitetotal=\count312
\c@instcount=\count313
\c@maxnames=\count314
\c@minnames=\count315
\c@maxitems=\count316
\c@minitems=\count317
\c@citecounter=\count318
\c@maxcitecounter=\count319
\c@savedcitecounter=\count320
\c@uniquelist=\count321
\c@uniquename=\count322
\c@refsection=\count323
\c@refsegment=\count324
\c@maxextratitle=\count325
\c@maxextratitleyear=\count326
\c@maxextraname=\count327
\c@maxextradate=\count328
\c@maxextraalpha=\count329
\c@abbrvpenalty=\count330
\c@highnamepenalty=\count331
\c@lownamepenalty=\count332
\c@maxparens=\count333
\c@parenlevel=\count334
\blx@tempcnta=\count335
\blx@tempcntb=\count336
\blx@tempcntc=\count337
\c@blx@maxsection=\count338
\blx@maxsegment@0=\count339
\blx@notetype=\count340
\blx@parenlevel@text=\count341
\blx@parenlevel@foot=\count342
\blx@sectionciteorder@0=\count343
\blx@sectionciteorderinternal@0=\count344
\blx@entrysetcounter=\count345
\blx@biblioinstance=\count346
\labelnumberwidth=\skip78
\labelalphawidth=\skip79
\biblabelsep=\skip80
\bibitemsep=\skip81
\bibnamesep=\skip82
\bibinitsep=\skip83
\bibparsep=\skip84
\bibhang=\skip85
\blx@bcfin=\read3
\blx@bcfout=\write4
\blx@langwohyphens=\language88
\c@mincomprange=\count347
\c@maxcomprange=\count348
\c@mincompwidth=\count349
Package biblatex Info: Trying to load biblatex default data model...
Package biblatex Info: ... file 'blx-dm.def' found.

(/usr/local/texlive/2023/texmf-dist/tex/latex/biblatex/blx-dm.def
File: blx-dm.def 2023/03/05 v3.19 biblatex localization (PK/MW)
)
Package biblatex Info: Trying to load biblatex style data model...
Package biblatex Info: ... file 'ext-authoryear-comp.dbx' not found.
Package biblatex Info: Trying to load biblatex custom data model...
Package biblatex Info: ... file 'biblatex-dm.cfg' not found.
\c@afterword=\count350
\c@savedafterword=\count351
\c@annotator=\count352
\c@savedannotator=\count353
\c@author=\count354
\c@savedauthor=\count355
\c@bookauthor=\count356
\c@savedbookauthor=\count357
\c@commentator=\count358
\c@savedcommentator=\count359
\c@editor=\count360
\c@savededitor=\count361
\c@editora=\count362
\c@savededitora=\count363
\c@editorb=\count364
\c@savededitorb=\count365
\c@editorc=\count366
\c@savededitorc=\count367
\c@foreword=\count368
\c@savedforeword=\count369
\c@holder=\count370
\c@savedholder=\count371
\c@introduction=\count372
\c@savedintroduction=\count373
\c@namea=\count374
\c@savednamea=\count375
\c@nameb=\count376
\c@savednameb=\count377
\c@namec=\count378
\c@savednamec=\count379
\c@translator=\count380
\c@savedtranslator=\count381
\c@shortauthor=\count382
\c@savedshortauthor=\count383
\c@shorteditor=\count384
\c@savedshorteditor=\count385
\c@labelname=\count386
\c@savedlabelname=\count387
\c@institution=\count388
\c@savedinstitution=\count389
\c@lista=\count390
\c@savedlista=\count391
\c@listb=\count392
\c@savedlistb=\count393
\c@listc=\count394
\c@savedlistc=\count395
\c@listd=\count396
\c@savedlistd=\count397
\c@liste=\count398
\c@savedliste=\count399
\c@listf=\count400
\c@savedlistf=\count401
\c@location=\count402
\c@savedlocation=\count403
\c@organization=\count404
\c@savedorganization=\count405
\c@origlocation=\count406
\c@savedoriglocation=\count407
\c@origpublisher=\count408
\c@savedorigpublisher=\count409
\c@publisher=\count410
\c@savedpublisher=\count411
\c@language=\count412
\c@savedlanguage=\count413
\c@origlanguage=\count414
\c@savedoriglanguage=\count415
\c@pageref=\count416
\c@savedpageref=\count417
\shorthandwidth=\skip86
\shortjournalwidth=\skip87
\shortserieswidth=\skip88
\shorttitlewidth=\skip89
\shortauthorwidth=\skip90
\shorteditorwidth=\skip91
\locallabelnumberwidth=\skip92
\locallabelalphawidth=\skip93
\localshorthandwidth=\skip94
\localshortjournalwidth=\skip95
\localshortserieswidth=\skip96
\localshorttitlewidth=\skip97
\localshortauthorwidth=\skip98
\localshorteditorwidth=\skip99
Package biblatex Info: Trying to load compatibility code...
Package biblatex Info: ... file 'blx-compat.def' found.

(/usr/local/texlive/2023/texmf-dist/tex/latex/biblatex/blx-compat.def
File: blx-compat.def 2023/03/05 v3.19 biblatex compatibility (PK/MW)
)
Package biblatex Info: Trying to load generic definitions...
Package biblatex Info: ... file 'biblatex.def' found.

(/usr/local/texlive/2023/texmf-dist/tex/latex/biblatex/biblatex.def
File: biblatex.def 2023/03/05 v3.19 biblatex compatibility (PK/MW)
\c@textcitecount=\count418
\c@textcitetotal=\count419
\c@textcitemaxnames=\count420
\c@biburlbigbreakpenalty=\count421
\c@biburlbreakpenalty=\count422
\c@biburlnumpenalty=\count423
\c@biburlucpenalty=\count424
\c@biburllcpenalty=\count425
\biburlbigskip=\muskip18
\biburlnumskip=\muskip19
\biburlucskip=\muskip20
\biburllcskip=\muskip21
\c@smartand=\count426
)
Package biblatex Info: Trying to load natbib compatibility...
Package biblatex Info: ... file 'blx-natbib.def' found.

(/usr/local/texlive/2023/texmf-dist/tex/latex/biblatex/blx-natbib.def
File: blx-natbib.def 2023/03/05 v3.19 biblatex compatibility (PK/MW)
Package biblatex Info: Delimiter 'nameyeardelim' in context '' already defined,
 overwriting.
)
Package biblatex Info: Trying to load bibliography style 'ext-authoryear-comp'.
..
Package biblatex Info: ... file 'ext-authoryear-comp.bbx' found.

(/usr/local/texlive/2023/texmf-dist/tex/latex/biblatex-ext/ext-authoryear-comp.
bbx
File: ext-authoryear-comp.bbx 2022/06/18 v0.16 extended biblatex authoryear-com
p bibliography style (MW)
Package biblatex Info: Trying to load bibliography style 'ext-standard'...
Package biblatex Info: ... file 'ext-standard.bbx' found.
 (/usr/local/texlive/2023/texmf-dist/tex/latex/biblatex-ext/ext-standard.bbx
File: ext-standard.bbx 2022/06/18 v0.16 extended biblatex standard style (MW)
Package biblatex Info: Trying to load auxiliary code for ext-biblatex...
Package biblatex Info: ... file 'ext-biblatex-aux.def' found.

(/usr/local/texlive/2023/texmf-dist/tex/latex/biblatex-ext/ext-biblatex-aux.def
File: ext-biblatex-aux.def 2022/06/18 v0.16 auxiliaries for extended biblatex c
itation style (MW)
)
Package biblatex Info: Trying to load bibliography style 'standard'...
Package biblatex Info: ... file 'standard.bbx' found.
 (/usr/local/texlive/2023/texmf-dist/tex/latex/biblatex/bbx/standard.bbx
File: standard.bbx 2023/03/05 v3.19 biblatex bibliography style (PK/MW)
\c@bbx:relatedcount=\count427
\c@bbx:relatedtotal=\count428
)
\extbl@this@introcitewidth=\skip100
\introcitewidth=\skip101
\introcitesep=\skip102
Package biblatex Info: Delimiter 'innametitledelim' in context 'bib' already de
fined, overwriting.
Package biblatex Info: Delimiter 'innametitledelim' in context 'biblist' alread
y defined, overwriting.
)
Package biblatex Info: Trying to load bibliography style 'authoryear-comp'...
Package biblatex Info: ... file 'authoryear-comp.bbx' found.

(/usr/local/texlive/2023/texmf-dist/tex/latex/biblatex/bbx/authoryear-comp.bbx
File: authoryear-comp.bbx 2023/03/05 v3.19 biblatex bibliography style (PK/MW)
Package biblatex Info: Trying to load bibliography style 'authoryear'...
Package biblatex Info: ... file 'authoryear.bbx' found.

(/usr/local/texlive/2023/texmf-dist/tex/latex/biblatex/bbx/authoryear.bbx
File: authoryear.bbx 2023/03/05 v3.19 biblatex bibliography style (PK/MW)
))
Package biblatex Info: Trying to load bibliography style 'ext-authoryear-common
'...
Package biblatex Info: ... file 'ext-authoryear-common.bbx' found.

(/usr/local/texlive/2023/texmf-dist/tex/latex/biblatex-ext/ext-authoryear-commo
n.bbx
File: ext-authoryear-common.bbx 2022/06/18 v0.16 common files for extended bibl
atex authoryear bibliography styles (MW)
Package biblatex Info: Trying to load bibliography style 'ext-dashed-common'...

Package biblatex Info: ... file 'ext-dashed-common.bbx' found.

(/usr/local/texlive/2023/texmf-dist/tex/latex/biblatex-ext/ext-dashed-common.bb
x
File: ext-dashed-common.bbx 2022/06/18 v0.16 common files for extended biblatex
 dashed bibliography styles (MW)
)))
Package biblatex Info: Trying to load citation style 'ext-authoryear-comp'...
Package biblatex Info: ... file 'ext-authoryear-comp.cbx' found.

(/usr/local/texlive/2023/texmf-dist/tex/latex/biblatex-ext/ext-authoryear-comp.
cbx
File: ext-authoryear-comp.cbx 2022/06/18 v0.16 extended biblatex authoryear-com
p citation style (MW)
Package biblatex Info: Trying to load citation style 'authoryear-comp'...
Package biblatex Info: ... file 'authoryear-comp.cbx' found.

(/usr/local/texlive/2023/texmf-dist/tex/latex/biblatex/cbx/authoryear-comp.cbx
File: authoryear-comp.cbx 2023/03/05 v3.19 biblatex citation style (PK/MW)
Package biblatex Info: Redefining '\cite'.
Package biblatex Info: Redefining '\parencite'.
Package biblatex Info: Redefining '\footcite'.
Package biblatex Info: Redefining '\footcitetext'.
Package biblatex Info: Redefining '\smartcite'.
Package biblatex Info: Redefining '\textcite'.
Package biblatex Info: Redefining '\textcites'.
Package biblatex Info: Redefining '\cites'.
Package biblatex Info: Redefining '\parencites'.
Package biblatex Info: Redefining '\footcites'.
Package biblatex Info: Redefining '\footcitetexts'.
Package biblatex Info: Redefining '\smartcites'.
)
Package biblatex Info: Redefining '\cite'.
Package biblatex Info: Redefining '\parencite'.
Package biblatex Info: Redefining '\footcite'.
Package biblatex Info: Redefining '\footcitetext'.
Package biblatex Info: Redefining '\smartcite'.
Package biblatex Info: Redefining '\cbx@textcite'.
Package biblatex Info: Redefining '\cbx@textcites'.
Package biblatex Info: Redefining '\cites'.
Package biblatex Info: Redefining '\parencites'.
Package biblatex Info: Redefining '\footcites'.
Package biblatex Info: Redefining '\footcitetexts'.
Package biblatex Info: Redefining '\smartcites'.
)
Package biblatex Info: Trying to load configuration file...
Package biblatex Info: ... file 'biblatex.cfg' found.
 (/usr/local/texlive/2023/texmf-dist/tex/latex/biblatex/biblatex.cfg
File: biblatex.cfg 
)
Package biblatex Info: Input encoding 'utf8' detected.
Package biblatex Info: Document encoding is UTF8 ....

(/usr/local/texlive/2023/texmf-dist/tex/latex/l3kernel/expl3.sty
Package: expl3 2023-02-22 L3 programming layer (loader) 

(/usr/local/texlive/2023/texmf-dist/tex/latex/l3backend/l3backend-pdftex.def
File: l3backend-pdftex.def 2023-01-16 L3 backend support: PDF output (pdfTeX)
\l__color_backend_stack_int=\count429
\l__pdf_internal_box=\box62
))
Package biblatex Info: ... and expl3
(biblatex)             2023-02-22 L3 programming layer (loader) 
(biblatex)             is new enough (at least 2020/04/06),
(biblatex)             setting 'casechanger=expl3'.

(/usr/local/texlive/2023/texmf-dist/tex/latex/biblatex/blx-case-expl3.sty
(/usr/local/texlive/2023/texmf-dist/tex/latex/l3packages/xparse/xparse.sty
Package: xparse 2023-02-02 L3 Experimental document command parser
)
Package: blx-case-expl3 2023/03/05 v3.19 expl3 case changing code for biblatex
))
(/usr/local/texlive/2023/texmf-dist/tex/latex/filecontents/filecontents.sty
Package: filecontents 2019/09/20 v1.5 Create an external file from within a LaT
eX document


Package filecontents Warning: This package is obsolete. Disabling it and
(filecontents)                passing control to the filecontents environment
(filecontents)                defined by the LaTeX kernel.

) (/usr/local/texlive/2023/texmf-dist/tex/latex/tools/longtable.sty
Package: longtable 2021-09-01 v4.17 Multi-page Table package (DPC)
\LTleft=\skip103
\LTright=\skip104
\LTpre=\skip105
\LTpost=\skip106
\LTchunksize=\count430
\LTcapwidth=\dimen185
\LT@head=\box63
\LT@firsthead=\box64
\LT@foot=\box65
\LT@lastfoot=\box66
\LT@gbox=\box67
\LT@cols=\count431
\LT@rows=\count432
\c@LT@tables=\count433
\c@LT@chunks=\count434
\LT@p@ftn=\toks36
)
(/usr/local/texlive/2023/texmf-dist/tex/latex/bbding/bbding.sty
Package: bbding 1999/04/15 v1.01 Dingbats symbols
)
(/usr/local/texlive/2023/texmf-dist/tex/latex/pgfplots/pgfplotstable.sty
(/usr/local/texlive/2023/texmf-dist/tex/generic/pgfplots/pgfplots.revision.tex)
Package: pgfplotstable 2021/05/15 v1.18.1 Table typesetting and Pretty-printing
 (1.18.1)
(/usr/local/texlive/2023/texmf-dist/tex/latex/pgfplots/pgfplots.sty
(/usr/local/texlive/2023/texmf-dist/tex/generic/pgfplots/pgfplots.revision.tex)
Package: pgfplots 2021/05/15 v1.18.1 Data Visualization (1.18.1)
(/usr/local/texlive/2023/texmf-dist/tex/latex/pgf/frontendlayer/tikz.sty
(/usr/local/texlive/2023/texmf-dist/tex/latex/pgf/basiclayer/pgf.sty
(/usr/local/texlive/2023/texmf-dist/tex/latex/pgf/utilities/pgfrcs.sty
(/usr/local/texlive/2023/texmf-dist/tex/generic/pgf/utilities/pgfutil-common.te
x
\pgfutil@everybye=\toks37
\pgfutil@tempdima=\dimen186
\pgfutil@tempdimb=\dimen187
)
(/usr/local/texlive/2023/texmf-dist/tex/generic/pgf/utilities/pgfutil-latex.def
\pgfutil@abb=\box68
) (/usr/local/texlive/2023/texmf-dist/tex/generic/pgf/utilities/pgfrcs.code.tex
(/usr/local/texlive/2023/texmf-dist/tex/generic/pgf/pgf.revision.tex)
Package: pgfrcs 2023-01-15 v3.1.10 (3.1.10)
))
Package: pgf 2023-01-15 v3.1.10 (3.1.10)

(/usr/local/texlive/2023/texmf-dist/tex/latex/pgf/basiclayer/pgfcore.sty
(/usr/local/texlive/2023/texmf-dist/tex/latex/pgf/systemlayer/pgfsys.sty
(/usr/local/texlive/2023/texmf-dist/tex/generic/pgf/systemlayer/pgfsys.code.tex
Package: pgfsys 2023-01-15 v3.1.10 (3.1.10)
(/usr/local/texlive/2023/texmf-dist/tex/generic/pgf/utilities/pgfkeys.code.tex
\pgfkeys@pathtoks=\toks38
\pgfkeys@temptoks=\toks39

(/usr/local/texlive/2023/texmf-dist/tex/generic/pgf/utilities/pgfkeyslibraryfil
tered.code.tex
\pgfkeys@tmptoks=\toks40
))
\pgf@x=\dimen188
\pgf@y=\dimen189
\pgf@xa=\dimen190
\pgf@ya=\dimen191
\pgf@xb=\dimen192
\pgf@yb=\dimen193
\pgf@xc=\dimen194
\pgf@yc=\dimen195
\pgf@xd=\dimen196
\pgf@yd=\dimen197
\w@pgf@writea=\write5
\r@pgf@reada=\read4
\c@pgf@counta=\count435
\c@pgf@countb=\count436
\c@pgf@countc=\count437
\c@pgf@countd=\count438
\t@pgf@toka=\toks41
\t@pgf@tokb=\toks42
\t@pgf@tokc=\toks43
\pgf@sys@id@count=\count439

(/usr/local/texlive/2023/texmf-dist/tex/generic/pgf/systemlayer/pgf.cfg
File: pgf.cfg 2023-01-15 v3.1.10 (3.1.10)
)
Driver file for pgf: pgfsys-pdftex.def

(/usr/local/texlive/2023/texmf-dist/tex/generic/pgf/systemlayer/pgfsys-pdftex.d
ef
File: pgfsys-pdftex.def 2023-01-15 v3.1.10 (3.1.10)

(/usr/local/texlive/2023/texmf-dist/tex/generic/pgf/systemlayer/pgfsys-common-p
df.def
File: pgfsys-common-pdf.def 2023-01-15 v3.1.10 (3.1.10)
)))
(/usr/local/texlive/2023/texmf-dist/tex/generic/pgf/systemlayer/pgfsyssoftpath.
code.tex
File: pgfsyssoftpath.code.tex 2023-01-15 v3.1.10 (3.1.10)
\pgfsyssoftpath@smallbuffer@items=\count440
\pgfsyssoftpath@bigbuffer@items=\count441
)
(/usr/local/texlive/2023/texmf-dist/tex/generic/pgf/systemlayer/pgfsysprotocol.
code.tex
File: pgfsysprotocol.code.tex 2023-01-15 v3.1.10 (3.1.10)
))
(/usr/local/texlive/2023/texmf-dist/tex/generic/pgf/basiclayer/pgfcore.code.tex
Package: pgfcore 2023-01-15 v3.1.10 (3.1.10)
(/usr/local/texlive/2023/texmf-dist/tex/generic/pgf/math/pgfmath.code.tex
(/usr/local/texlive/2023/texmf-dist/tex/generic/pgf/math/pgfmathutil.code.tex)
(/usr/local/texlive/2023/texmf-dist/tex/generic/pgf/math/pgfmathparser.code.tex
\pgfmath@dimen=\dimen198
\pgfmath@count=\count442
\pgfmath@box=\box69
\pgfmath@toks=\toks44
\pgfmath@stack@operand=\toks45
\pgfmath@stack@operation=\toks46
)
(/usr/local/texlive/2023/texmf-dist/tex/generic/pgf/math/pgfmathfunctions.code.
tex)
(/usr/local/texlive/2023/texmf-dist/tex/generic/pgf/math/pgfmathfunctions.basic
.code.tex)
(/usr/local/texlive/2023/texmf-dist/tex/generic/pgf/math/pgfmathfunctions.trigo
nometric.code.tex)
(/usr/local/texlive/2023/texmf-dist/tex/generic/pgf/math/pgfmathfunctions.rando
m.code.tex)
(/usr/local/texlive/2023/texmf-dist/tex/generic/pgf/math/pgfmathfunctions.compa
rison.code.tex)
(/usr/local/texlive/2023/texmf-dist/tex/generic/pgf/math/pgfmathfunctions.base.
code.tex)
(/usr/local/texlive/2023/texmf-dist/tex/generic/pgf/math/pgfmathfunctions.round
.code.tex)
(/usr/local/texlive/2023/texmf-dist/tex/generic/pgf/math/pgfmathfunctions.misc.
code.tex)
(/usr/local/texlive/2023/texmf-dist/tex/generic/pgf/math/pgfmathfunctions.integ
erarithmetics.code.tex)
(/usr/local/texlive/2023/texmf-dist/tex/generic/pgf/math/pgfmathcalc.code.tex)
(/usr/local/texlive/2023/texmf-dist/tex/generic/pgf/math/pgfmathfloat.code.tex
\c@pgfmathroundto@lastzeros=\count443
)) (/usr/local/texlive/2023/texmf-dist/tex/generic/pgf/math/pgfint.code.tex)
(/usr/local/texlive/2023/texmf-dist/tex/generic/pgf/basiclayer/pgfcorepoints.co
de.tex
File: pgfcorepoints.code.tex 2023-01-15 v3.1.10 (3.1.10)
\pgf@picminx=\dimen199
\pgf@picmaxx=\dimen256
\pgf@picminy=\dimen257
\pgf@picmaxy=\dimen258
\pgf@pathminx=\dimen259
\pgf@pathmaxx=\dimen260
\pgf@pathminy=\dimen261
\pgf@pathmaxy=\dimen262
\pgf@xx=\dimen263
\pgf@xy=\dimen264
\pgf@yx=\dimen265
\pgf@yy=\dimen266
\pgf@zx=\dimen267
\pgf@zy=\dimen268
)
(/usr/local/texlive/2023/texmf-dist/tex/generic/pgf/basiclayer/pgfcorepathconst
ruct.code.tex
File: pgfcorepathconstruct.code.tex 2023-01-15 v3.1.10 (3.1.10)
\pgf@path@lastx=\dimen269
\pgf@path@lasty=\dimen270
)
(/usr/local/texlive/2023/texmf-dist/tex/generic/pgf/basiclayer/pgfcorepathusage
.code.tex
File: pgfcorepathusage.code.tex 2023-01-15 v3.1.10 (3.1.10)
\pgf@shorten@end@additional=\dimen271
\pgf@shorten@start@additional=\dimen272
)
(/usr/local/texlive/2023/texmf-dist/tex/generic/pgf/basiclayer/pgfcorescopes.co
de.tex
File: pgfcorescopes.code.tex 2023-01-15 v3.1.10 (3.1.10)
\pgfpic=\box70
\pgf@hbox=\box71
\pgf@layerbox@main=\box72
\pgf@picture@serial@count=\count444
)
(/usr/local/texlive/2023/texmf-dist/tex/generic/pgf/basiclayer/pgfcoregraphicst
ate.code.tex
File: pgfcoregraphicstate.code.tex 2023-01-15 v3.1.10 (3.1.10)
\pgflinewidth=\dimen273
)
(/usr/local/texlive/2023/texmf-dist/tex/generic/pgf/basiclayer/pgfcoretransform
ations.code.tex
File: pgfcoretransformations.code.tex 2023-01-15 v3.1.10 (3.1.10)
\pgf@pt@x=\dimen274
\pgf@pt@y=\dimen275
\pgf@pt@temp=\dimen276
)
(/usr/local/texlive/2023/texmf-dist/tex/generic/pgf/basiclayer/pgfcorequick.cod
e.tex
File: pgfcorequick.code.tex 2023-01-15 v3.1.10 (3.1.10)
)
(/usr/local/texlive/2023/texmf-dist/tex/generic/pgf/basiclayer/pgfcoreobjects.c
ode.tex
File: pgfcoreobjects.code.tex 2023-01-15 v3.1.10 (3.1.10)
)
(/usr/local/texlive/2023/texmf-dist/tex/generic/pgf/basiclayer/pgfcorepathproce
ssing.code.tex
File: pgfcorepathprocessing.code.tex 2023-01-15 v3.1.10 (3.1.10)
)
(/usr/local/texlive/2023/texmf-dist/tex/generic/pgf/basiclayer/pgfcorearrows.co
de.tex
File: pgfcorearrows.code.tex 2023-01-15 v3.1.10 (3.1.10)
\pgfarrowsep=\dimen277
)
(/usr/local/texlive/2023/texmf-dist/tex/generic/pgf/basiclayer/pgfcoreshade.cod
e.tex
File: pgfcoreshade.code.tex 2023-01-15 v3.1.10 (3.1.10)
\pgf@max=\dimen278
\pgf@sys@shading@range@num=\count445
\pgf@shadingcount=\count446
)
(/usr/local/texlive/2023/texmf-dist/tex/generic/pgf/basiclayer/pgfcoreimage.cod
e.tex
File: pgfcoreimage.code.tex 2023-01-15 v3.1.10 (3.1.10)
)
(/usr/local/texlive/2023/texmf-dist/tex/generic/pgf/basiclayer/pgfcoreexternal.
code.tex
File: pgfcoreexternal.code.tex 2023-01-15 v3.1.10 (3.1.10)
\pgfexternal@startupbox=\box73
)
(/usr/local/texlive/2023/texmf-dist/tex/generic/pgf/basiclayer/pgfcorelayers.co
de.tex
File: pgfcorelayers.code.tex 2023-01-15 v3.1.10 (3.1.10)
)
(/usr/local/texlive/2023/texmf-dist/tex/generic/pgf/basiclayer/pgfcoretranspare
ncy.code.tex
File: pgfcoretransparency.code.tex 2023-01-15 v3.1.10 (3.1.10)
)
(/usr/local/texlive/2023/texmf-dist/tex/generic/pgf/basiclayer/pgfcorepatterns.
code.tex
File: pgfcorepatterns.code.tex 2023-01-15 v3.1.10 (3.1.10)
)
(/usr/local/texlive/2023/texmf-dist/tex/generic/pgf/basiclayer/pgfcorerdf.code.
tex
File: pgfcorerdf.code.tex 2023-01-15 v3.1.10 (3.1.10)
)))
(/usr/local/texlive/2023/texmf-dist/tex/generic/pgf/modules/pgfmoduleshapes.cod
e.tex
File: pgfmoduleshapes.code.tex 2023-01-15 v3.1.10 (3.1.10)
\pgfnodeparttextbox=\box74
)
(/usr/local/texlive/2023/texmf-dist/tex/generic/pgf/modules/pgfmoduleplot.code.
tex
File: pgfmoduleplot.code.tex 2023-01-15 v3.1.10 (3.1.10)
)
(/usr/local/texlive/2023/texmf-dist/tex/latex/pgf/compatibility/pgfcomp-version
-0-65.sty
Package: pgfcomp-version-0-65 2023-01-15 v3.1.10 (3.1.10)
\pgf@nodesepstart=\dimen279
\pgf@nodesepend=\dimen280
)
(/usr/local/texlive/2023/texmf-dist/tex/latex/pgf/compatibility/pgfcomp-version
-1-18.sty
Package: pgfcomp-version-1-18 2023-01-15 v3.1.10 (3.1.10)
))
(/usr/local/texlive/2023/texmf-dist/tex/latex/pgf/utilities/pgffor.sty
(/usr/local/texlive/2023/texmf-dist/tex/latex/pgf/utilities/pgfkeys.sty
(/usr/local/texlive/2023/texmf-dist/tex/generic/pgf/utilities/pgfkeys.code.tex)
) (/usr/local/texlive/2023/texmf-dist/tex/latex/pgf/math/pgfmath.sty
(/usr/local/texlive/2023/texmf-dist/tex/generic/pgf/math/pgfmath.code.tex))
(/usr/local/texlive/2023/texmf-dist/tex/generic/pgf/utilities/pgffor.code.tex
Package: pgffor 2023-01-15 v3.1.10 (3.1.10)
\pgffor@iter=\dimen281
\pgffor@skip=\dimen282
\pgffor@stack=\toks47
\pgffor@toks=\toks48
))
(/usr/local/texlive/2023/texmf-dist/tex/generic/pgf/frontendlayer/tikz/tikz.cod
e.tex
Package: tikz 2023-01-15 v3.1.10 (3.1.10)

(/usr/local/texlive/2023/texmf-dist/tex/generic/pgf/libraries/pgflibraryplothan
dlers.code.tex
File: pgflibraryplothandlers.code.tex 2023-01-15 v3.1.10 (3.1.10)
\pgf@plot@mark@count=\count447
\pgfplotmarksize=\dimen283
)
\tikz@lastx=\dimen284
\tikz@lasty=\dimen285
\tikz@lastxsaved=\dimen286
\tikz@lastysaved=\dimen287
\tikz@lastmovetox=\dimen288
\tikz@lastmovetoy=\dimen289
\tikzleveldistance=\dimen290
\tikzsiblingdistance=\dimen291
\tikz@figbox=\box75
\tikz@figbox@bg=\box76
\tikz@tempbox=\box77
\tikz@tempbox@bg=\box78
\tikztreelevel=\count448
\tikznumberofchildren=\count449
\tikznumberofcurrentchild=\count450
\tikz@fig@count=\count451

(/usr/local/texlive/2023/texmf-dist/tex/generic/pgf/modules/pgfmodulematrix.cod
e.tex
File: pgfmodulematrix.code.tex 2023-01-15 v3.1.10 (3.1.10)
\pgfmatrixcurrentrow=\count452
\pgfmatrixcurrentcolumn=\count453
\pgf@matrix@numberofcolumns=\count454
)
\tikz@expandcount=\count455

(/usr/local/texlive/2023/texmf-dist/tex/generic/pgf/frontendlayer/tikz/librarie
s/tikzlibrarytopaths.code.tex
File: tikzlibrarytopaths.code.tex 2023-01-15 v3.1.10 (3.1.10)
)))
(/usr/local/texlive/2023/texmf-dist/tex/generic/pgfplots/pgfplots.code.tex
(/usr/local/texlive/2023/texmf-dist/tex/generic/pgfplots/pgfplotscore.code.tex
\t@pgfplots@toka=\toks49
\t@pgfplots@tokb=\toks50
\t@pgfplots@tokc=\toks51
\pgfplots@tmpa=\dimen292
\c@pgfplots@coordindex=\count456
\c@pgfplots@scanlineindex=\count457

(/usr/local/texlive/2023/texmf-dist/tex/generic/pgfplots/sys/pgfplotssysgeneric
.code.tex))
(/usr/local/texlive/2023/texmf-dist/tex/generic/pgfplots/libs/pgfplotslibrary.c
ode.tex)
(/usr/local/texlive/2023/texmf-dist/tex/generic/pgfplots/oldpgfcompatib/pgfplot
soldpgfsupp_loader.code.tex
(/usr/local/texlive/2023/texmf-dist/tex/generic/pgf/libraries/pgflibraryfpu.cod
e.tex)
Package pgfplots: loading complementary utilities for your pgf version...
\t@pgf@toka=\toks52
\t@pgf@tokb=\toks53
\t@pgf@tokc=\toks54

(/usr/local/texlive/2023/texmf-dist/tex/generic/pgfplots/oldpgfcompatib/pgfplot
soldpgfsupp_pgfutil-common-lists.tex))
(/usr/local/texlive/2023/texmf-dist/tex/generic/pgfplots/util/pgfplotsutil.code
.tex
(/usr/local/texlive/2023/texmf-dist/tex/generic/pgfplots/liststructure/pgfplots
liststructure.code.tex)
(/usr/local/texlive/2023/texmf-dist/tex/generic/pgfplots/liststructure/pgfplots
liststructureext.code.tex)
(/usr/local/texlive/2023/texmf-dist/tex/generic/pgfplots/liststructure/pgfplots
array.code.tex
\c@pgfplotsarray@tmp=\count458
)
(/usr/local/texlive/2023/texmf-dist/tex/generic/pgfplots/liststructure/pgfplots
matrix.code.tex)
(/usr/local/texlive/2023/texmf-dist/tex/generic/pgfplots/numtable/pgfplotstable
shared.code.tex
\c@pgfplotstable@counta=\count459
\t@pgfplotstable@a=\toks55
)
(/usr/local/texlive/2023/texmf-dist/tex/generic/pgfplots/liststructure/pgfplots
deque.code.tex)
(/usr/local/texlive/2023/texmf-dist/tex/generic/pgfplots/util/pgfplotsbinary.co
de.tex
(/usr/local/texlive/2023/texmf-dist/tex/generic/pgfplots/util/pgfplotsbinary.da
ta.code.tex))
(/usr/local/texlive/2023/texmf-dist/tex/generic/pgfplots/util/pgfplotsutil.verb
.code.tex)
(/usr/local/texlive/2023/texmf-dist/tex/generic/pgfplots/libs/pgflibrarypgfplot
s.surfshading.code.tex
\c@pgfplotslibrarysurf@no=\count460

(/usr/local/texlive/2023/texmf-dist/tex/generic/pgfplots/sys/pgflibrarypgfplots
.surfshading.pgfsys-pdftex.def)))
(/usr/local/texlive/2023/texmf-dist/tex/generic/pgfplots/util/pgfplotscolormap.
code.tex
(/usr/local/texlive/2023/texmf-dist/tex/generic/pgfplots/util/pgfplotscolor.cod
e.tex))
(/usr/local/texlive/2023/texmf-dist/tex/generic/pgfplots/pgfplotsstackedplots.c
ode.tex)
(/usr/local/texlive/2023/texmf-dist/tex/generic/pgfplots/pgfplotsplothandlers.c
ode.tex
(/usr/local/texlive/2023/texmf-dist/tex/generic/pgfplots/pgfplotsmeshplothandle
r.code.tex
(/usr/local/texlive/2023/texmf-dist/tex/generic/pgfplots/pgfplotsmeshplotimage.
code.tex)))
(/usr/local/texlive/2023/texmf-dist/tex/generic/pgfplots/pgfplots.scaling.code.
tex)
(/usr/local/texlive/2023/texmf-dist/tex/generic/pgfplots/pgfplotscoordprocessin
g.code.tex)
(/usr/local/texlive/2023/texmf-dist/tex/generic/pgfplots/pgfplots.errorbars.cod
e.tex)
(/usr/local/texlive/2023/texmf-dist/tex/generic/pgfplots/pgfplots.markers.code.
tex)
(/usr/local/texlive/2023/texmf-dist/tex/generic/pgfplots/pgfplotsticks.code.tex
)
(/usr/local/texlive/2023/texmf-dist/tex/generic/pgfplots/pgfplots.paths.code.te
x)
(/usr/local/texlive/2023/texmf-dist/tex/generic/pgf/frontendlayer/tikz/librarie
s/tikzlibrarydecorations.code.tex
(/usr/local/texlive/2023/texmf-dist/tex/generic/pgf/modules/pgfmoduledecoration
s.code.tex
\pgfdecoratedcompleteddistance=\dimen293
\pgfdecoratedremainingdistance=\dimen294
\pgfdecoratedinputsegmentcompleteddistance=\dimen295
\pgfdecoratedinputsegmentremainingdistance=\dimen296
\pgf@decorate@distancetomove=\dimen297
\pgf@decorate@repeatstate=\count461
\pgfdecorationsegmentamplitude=\dimen298
\pgfdecorationsegmentlength=\dimen299
)
\tikz@lib@dec@box=\box79
)
(/usr/local/texlive/2023/texmf-dist/tex/generic/pgf/frontendlayer/tikz/librarie
s/tikzlibrarydecorations.pathmorphing.code.tex
(/usr/local/texlive/2023/texmf-dist/tex/generic/pgf/libraries/decorations/pgfli
brarydecorations.pathmorphing.code.tex))
(/usr/local/texlive/2023/texmf-dist/tex/generic/pgf/frontendlayer/tikz/librarie
s/tikzlibrarydecorations.pathreplacing.code.tex
(/usr/local/texlive/2023/texmf-dist/tex/generic/pgf/libraries/decorations/pgfli
brarydecorations.pathreplacing.code.tex))
(/usr/local/texlive/2023/texmf-dist/tex/generic/pgfplots/libs/tikzlibrarypgfplo
ts.contourlua.code.tex)
\pgfplots@numplots=\count462
\pgfplots@xmin@reg=\dimen300
\pgfplots@xmax@reg=\dimen301
\pgfplots@ymin@reg=\dimen302
\pgfplots@ymax@reg=\dimen303
\pgfplots@zmin@reg=\dimen304
\pgfplots@zmax@reg=\dimen305
)
(/usr/local/texlive/2023/texmf-dist/tex/generic/pgf/frontendlayer/tikz/librarie
s/tikzlibraryplotmarks.code.tex
File: tikzlibraryplotmarks.code.tex 2023-01-15 v3.1.10 (3.1.10)

(/usr/local/texlive/2023/texmf-dist/tex/generic/pgf/libraries/pgflibraryplotmar
ks.code.tex
File: pgflibraryplotmarks.code.tex 2023-01-15 v3.1.10 (3.1.10)
)))
(/usr/local/texlive/2023/texmf-dist/tex/generic/pgfplots/numtable/pgfplotstable
.code.tex
(/usr/local/texlive/2023/texmf-dist/tex/generic/pgfplots/numtable/pgfplotstable
.coltype.code.tex)))
(/usr/local/texlive/2023/texmf-dist/tex/latex/booktabs/booktabs.sty
Package: booktabs 2020/01/12 v1.61803398 Publication quality tables
\heavyrulewidth=\dimen306
\lightrulewidth=\dimen307
\cmidrulewidth=\dimen308
\belowrulesep=\dimen309
\belowbottomsep=\dimen310
\aboverulesep=\dimen311
\abovetopsep=\dimen312
\cmidrulesep=\dimen313
\cmidrulekern=\dimen314
\defaultaddspace=\dimen315
\@cmidla=\count463
\@cmidlb=\count464
\@aboverulesep=\dimen316
\@belowrulesep=\dimen317
\@thisruleclass=\count465
\@lastruleclass=\count466
\@thisrulewidth=\dimen318
)
(/usr/local/texlive/2023/texmf-dist/tex/latex/hyperref/hyperref.sty
Package: hyperref 2023-02-07 v7.00v Hypertext links for LaTeX

(/usr/local/texlive/2023/texmf-dist/tex/generic/pdfescape/pdfescape.sty
Package: pdfescape 2019/12/09 v1.15 Implements pdfTeX's escape features (HO)
)
(/usr/local/texlive/2023/texmf-dist/tex/latex/hycolor/hycolor.sty
Package: hycolor 2020-01-27 v1.10 Color options for hyperref/bookmark (HO)
)
(/usr/local/texlive/2023/texmf-dist/tex/latex/letltxmacro/letltxmacro.sty
Package: letltxmacro 2019/12/03 v1.6 Let assignment for LaTeX macros (HO)
)
(/usr/local/texlive/2023/texmf-dist/tex/latex/auxhook/auxhook.sty
Package: auxhook 2019-12-17 v1.6 Hooks for auxiliary files (HO)
)
(/usr/local/texlive/2023/texmf-dist/tex/latex/hyperref/nameref.sty
Package: nameref 2022-05-17 v2.50 Cross-referencing by name of section

(/usr/local/texlive/2023/texmf-dist/tex/latex/refcount/refcount.sty
Package: refcount 2019/12/15 v3.6 Data extraction from label references (HO)
)
(/usr/local/texlive/2023/texmf-dist/tex/generic/gettitlestring/gettitlestring.s
ty
Package: gettitlestring 2019/12/15 v1.6 Cleanup title references (HO)
)
\c@section@level=\count467
)
\@linkdim=\dimen319
\Hy@linkcounter=\count468
\Hy@pagecounter=\count469
 (/usr/local/texlive/2023/texmf-dist/tex/latex/hyperref/pd1enc.def
File: pd1enc.def 2023-02-07 v7.00v Hyperref: PDFDocEncoding definition (HO)
Now handling font encoding PD1 ...
... no UTF-8 mapping file for font encoding PD1
)
(/usr/local/texlive/2023/texmf-dist/tex/generic/intcalc/intcalc.sty
Package: intcalc 2019/12/15 v1.3 Expandable calculations with integers (HO)
)
(/usr/local/texlive/2023/texmf-dist/tex/generic/etexcmds/etexcmds.sty
Package: etexcmds 2019/12/15 v1.7 Avoid name clashes with e-TeX commands (HO)
)
\Hy@SavedSpaceFactor=\count470

(/usr/local/texlive/2023/texmf-dist/tex/latex/hyperref/puenc.def
File: puenc.def 2023-02-07 v7.00v Hyperref: PDF Unicode definition (HO)
Now handling font encoding PU ...
... no UTF-8 mapping file for font encoding PU
)
Package hyperref Info: Hyper figures OFF on input line 4177.
Package hyperref Info: Link nesting OFF on input line 4182.
Package hyperref Info: Hyper index ON on input line 4185.
Package hyperref Info: Plain pages OFF on input line 4192.
Package hyperref Info: Backreferencing OFF on input line 4197.
Package hyperref Info: Implicit mode ON; LaTeX internals redefined.
Package hyperref Info: Bookmarks ON on input line 4425.
\c@Hy@tempcnt=\count471
LaTeX Info: Redefining \url on input line 4763.
\XeTeXLinkMargin=\dimen320

(/usr/local/texlive/2023/texmf-dist/tex/generic/bitset/bitset.sty
Package: bitset 2019/12/09 v1.3 Handle bit-vector datatype (HO)

(/usr/local/texlive/2023/texmf-dist/tex/generic/bigintcalc/bigintcalc.sty
Package: bigintcalc 2019/12/15 v1.5 Expandable calculations on big integers (HO
)
))
\Fld@menulength=\count472
\Field@Width=\dimen321
\Fld@charsize=\dimen322
Package hyperref Info: Hyper figures OFF on input line 6042.
Package hyperref Info: Link nesting OFF on input line 6047.
Package hyperref Info: Hyper index ON on input line 6050.
Package hyperref Info: backreferencing OFF on input line 6057.
Package hyperref Info: Link coloring OFF on input line 6062.
Package hyperref Info: Link coloring with OCG OFF on input line 6067.
Package hyperref Info: PDF/A mode OFF on input line 6072.

(/usr/local/texlive/2023/texmf-dist/tex/latex/base/atbegshi-ltx.sty
Package: atbegshi-ltx 2021/01/10 v1.0c Emulation of the original atbegshi
package with kernel methods
)
\Hy@abspage=\count473
\c@Item=\count474
\c@Hfootnote=\count475
)
Package hyperref Info: Driver (autodetected): hpdftex.

(/usr/local/texlive/2023/texmf-dist/tex/latex/hyperref/hpdftex.def
File: hpdftex.def 2023-02-07 v7.00v Hyperref driver for pdfTeX

(/usr/local/texlive/2023/texmf-dist/tex/latex/base/atveryend-ltx.sty
Package: atveryend-ltx 2020/08/19 v1.0a Emulation of the original atveryend pac
kage
with kernel methods
)
\Fld@listcount=\count476
\c@bookmark@seq@number=\count477

(/usr/local/texlive/2023/texmf-dist/tex/latex/rerunfilecheck/rerunfilecheck.sty
Package: rerunfilecheck 2022-07-10 v1.10 Rerun checks for auxiliary files (HO)

(/usr/local/texlive/2023/texmf-dist/tex/generic/uniquecounter/uniquecounter.sty
Package: uniquecounter 2019/12/15 v1.4 Provide unlimited unique counter (HO)
)
Package uniquecounter Info: New unique counter `rerunfilecheck' on input line 2
85.
)
\Hy@SectionHShift=\skip107
)
Package hyperref Info: Option `colorlinks' set `true' on input line 76.
Package csquotes Info: Checking for multilingual support...
Package csquotes Info: ... found 'babel' package.
Package csquotes Info: Adjusting default style.
Package csquotes Info: Redefining alias 'default' -> 'english'.
 (./supp2.aux)
\openout1 = `supp2.aux'.

LaTeX Font Info:    Checking defaults for OML/cmm/m/it on input line 95.
LaTeX Font Info:    ... okay on input line 95.
LaTeX Font Info:    Checking defaults for OMS/cmsy/m/n on input line 95.
LaTeX Font Info:    ... okay on input line 95.
LaTeX Font Info:    Checking defaults for OT1/cmr/m/n on input line 95.
LaTeX Font Info:    ... okay on input line 95.
LaTeX Font Info:    Checking defaults for T1/cmr/m/n on input line 95.
LaTeX Font Info:    ... okay on input line 95.
LaTeX Font Info:    Checking defaults for TS1/cmr/m/n on input line 95.
LaTeX Font Info:    ... okay on input line 95.
LaTeX Font Info:    Checking defaults for OMX/cmex/m/n on input line 95.
LaTeX Font Info:    ... okay on input line 95.
LaTeX Font Info:    Checking defaults for U/cmr/m/n on input line 95.
LaTeX Font Info:    ... okay on input line 95.
LaTeX Font Info:    Checking defaults for PD1/pdf/m/n on input line 95.
LaTeX Font Info:    ... okay on input line 95.
LaTeX Font Info:    Checking defaults for PU/pdf/m/n on input line 95.
LaTeX Font Info:    ... okay on input line 95.

*geometry* driver: auto-detecting
*geometry* detected driver: pdftex
*geometry* verbose mode - [ preamble ] result:
* driver: pdftex
* paper: <default>
* layout: <same size as paper>
* layoutoffset:(h,v)=(0.0pt,0.0pt)
* modes: 
* h-part:(L,W,R)=(72.26999pt, 469.75502pt, 72.26999pt)
* v-part:(T,H,B)=(72.26999pt, 650.43001pt, 72.26999pt)
* \paperwidth=614.295pt
* \paperheight=794.96999pt
* \textwidth=469.75502pt
* \textheight=650.43001pt
* \oddsidemargin=0.0pt
* \evensidemargin=0.0pt
* \topmargin=-37.0pt
* \headheight=12.0pt
* \headsep=25.0pt
* \topskip=12.0pt
* \footskip=30.0pt
* \marginparwidth=44.0pt
* \marginparsep=10.0pt
* \columnsep=10.0pt
* \skip\footins=10.8pt plus 4.0pt minus 2.0pt
* \hoffset=0.0pt
* \voffset=0.0pt
* \mag=1000
* \@twocolumnfalse
* \@twosidefalse
* \@mparswitchfalse
* \@reversemarginfalse
* (1in=72.27pt=25.4mm, 1cm=28.453pt)

Package caption Info: Begin \AtBeginDocument code.
Package caption Info: float package is loaded.
Package caption Info: hyperref package is loaded.
Package caption Info: longtable package is loaded.
(/usr/local/texlive/2023/texmf-dist/tex/latex/caption/ltcaption.sty
Package: ltcaption 2021/01/08 v1.4c longtable captions (AR)
)
Package caption Info: rotating package is loaded.
Package caption Info: subfigure package is loaded.
Package caption Info: End \AtBeginDocument code.

(/usr/local/texlive/2023/texmf-dist/tex/context/base/mkii/supp-pdf.mkii
[Loading MPS to PDF converter (version 2006.09.02).]
\scratchcounter=\count478
\scratchdimen=\dimen323
\scratchbox=\box80
\nofMPsegments=\count479
\nofMParguments=\count480
\everyMPshowfont=\toks56
\MPscratchCnt=\count481
\MPscratchDim=\dimen324
\MPnumerator=\count482
\makeMPintoPDFobject=\count483
\everyMPtoPDFconversion=\toks57
)
Package biblatex Info: Trying to load language 'english'...
Package biblatex Info: ... file 'english.lbx' found.
 (/usr/local/texlive/2023/texmf-dist/tex/latex/biblatex/lbx/english.lbx
File: english.lbx 2023/03/05 v3.19 biblatex localization (PK/MW)
)
Package biblatex Info: Input encoding 'utf8' detected.
Package biblatex Info: Automatic encoding selection.
(biblatex)             Assuming data encoding 'utf8'.
\openout4 = `supp2.bcf'.

Package biblatex Info: Trying to load bibliographic data...
Package biblatex Info: ... file 'supp2.bbl' found.

(./supp2.bbl)
Package biblatex Info: Reference section=0 on input line 95.
Package biblatex Info: Reference segment=0 on input line 95.


Package pgfplots Warning: running in backwards compatibility mode (unsuitable t
ick labels; missing features). Consider writing \pgfplotsset{compat=1.18} into 
your preamble.
 on input line 95.

Package hyperref Info: Link coloring ON on input line 95.
(./supp2.out) (./supp2.out)
\@outlinefile=\write6
\openout6 = `supp2.out'.

PGFPlots: reading {questions.csv}

Overfull \hbox (33.48904pt too wide) in alignment at lines 227--227
 [] [] [] [] 
 []


Overfull \hbox (33.48904pt too wide) in alignment at lines 227--227
 [] [] [] [] 
 []


Overfull \hbox (33.48904pt too wide) in alignment at lines 227--227
 [] [] [] [] 
 []


Overfull \hbox (33.48904pt too wide) in alignment at lines 227--227
 [] [] [] [] 
 []


Underfull \hbox (badness 1043) in paragraph at lines 227--227
[]|\OT1/cmr/m/n/8 Does cli-mate change in-volve
 []

Package biblatex Info: Delimiter 'nameyeardelim' in context '' already defined,
 overwriting on input line 227.

Underfull \hbox (badness 1253) in paragraph at lines 227--227
[]|\OT1/cmr/m/n/8 Is cli-mate change im-pact-ing
 []

Package biblatex Info: Delimiter 'nameyeardelim' in context '' already defined,
 overwriting on input line 227.
Package biblatex Info: Delimiter 'nameyeardelim' in context '' already defined,
 overwriting on input line 227.
Package biblatex Info: Delimiter 'nameyeardelim' in context '' already defined,
 overwriting on input line 227.
Package biblatex Info: Delimiter 'nameyeardelim' in context '' already defined,
 overwriting on input line 227.

Underfull \hbox (badness 2142) in paragraph at lines 227--227
[]|\OT1/cmr/m/n/8 Will cli-mate change im-pact
 []

Package biblatex Info: Delimiter 'nameyeardelim' in context '' already defined,
 overwriting on input line 227.
Package biblatex Info: Delimiter 'nameyeardelim' in context '' already defined,
 overwriting on input line 227.

Underfull \hbox (badness 2142) in paragraph at lines 227--227
[]|\OT1/cmr/m/n/8 Will cli-mate change im-pact
 []

Package biblatex Info: Delimiter 'nameyeardelim' in context '' already defined,
 overwriting on input line 227.

Underfull \hbox (badness 10000) in paragraph at lines 227--227
[]|\OT1/cmr/m/n/8 How im-por-tant is cli-mate
 []

Package biblatex Info: Delimiter 'nameyeardelim' in context '' already defined,
 overwriting on input line 227.
Package biblatex Info: Delimiter 'nameyeardelim' in context '' already defined,
 overwriting on input line 227.
Package biblatex Info: Delimiter 'nameyeardelim' in context '' already defined,
 overwriting on input line 227.
Package biblatex Info: Delimiter 'nameyeardelim' in context '' already defined,
 overwriting on input line 227.
Package biblatex Info: Delimiter 'nameyeardelim' in context '' already defined,
 overwriting on input line 227.

Underfull \hbox (badness 1253) in paragraph at lines 227--227
[]|\OT1/cmr/m/n/8 Is cli-mate change im-pact-ing
 []

Package biblatex Info: Delimiter 'nameyeardelim' in context '' already defined,
 overwriting on input line 227.
Package biblatex Info: Delimiter 'nameyeardelim' in context '' already defined,
 overwriting on input line 227.
Package biblatex Info: Delimiter 'nameyeardelim' in context '' already defined,
 overwriting on input line 227.
Package biblatex Info: Delimiter 'nameyeardelim' in context '' already defined,
 overwriting on input line 227.
Package biblatex Info: Delimiter 'nameyeardelim' in context '' already defined,
 overwriting on input line 227.
Package biblatex Info: Delimiter 'nameyeardelim' in context '' already defined,
 overwriting on input line 227.
Package biblatex Info: Delimiter 'nameyeardelim' in context '' already defined,
 overwriting on input line 227.
Package biblatex Info: Delimiter 'nameyeardelim' in context '' already defined,
 overwriting on input line 227.
Package biblatex Info: Delimiter 'nameyeardelim' in context '' already defined,
 overwriting on input line 227.
Package biblatex Info: Delimiter 'nameyeardelim' in context '' already defined,
 overwriting on input line 227.
Package biblatex Info: Delimiter 'nameyeardelim' in context '' already defined,
 overwriting on input line 227.
Package biblatex Info: Delimiter 'nameyeardelim' in context '' already defined,
 overwriting on input line 227.
Package biblatex Info: Delimiter 'nameyeardelim' in context '' already defined,
 overwriting on input line 227.
Package biblatex Info: Delimiter 'nameyeardelim' in context '' already defined,
 overwriting on input line 227.
Package biblatex Info: Delimiter 'nameyeardelim' in context '' already defined,
 overwriting on input line 227.
Package biblatex Info: Delimiter 'nameyeardelim' in context '' already defined,
 overwriting on input line 227.

Underfull \hbox (badness 1342) in paragraph at lines 227--227
[]|\OT1/cmr/m/n/8 Will global warm-ing worsen
 []

Package biblatex Info: Delimiter 'nameyeardelim' in context '' already defined,
 overwriting on input line 227.
Package biblatex Info: Delimiter 'nameyeardelim' in context '' already defined,
 overwriting on input line 227.
Package biblatex Info: Delimiter 'nameyeardelim' in context '' already defined,
 overwriting on input line 227.
Package biblatex Info: Delimiter 'nameyeardelim' in context '' already defined,
 overwriting on input line 227.
Package biblatex Info: Delimiter 'nameyeardelim' in context '' already defined,
 overwriting on input line 227.
Package biblatex Info: Delimiter 'nameyeardelim' in context '' already defined,
 overwriting on input line 227.
Package biblatex Info: Delimiter 'nameyeardelim' in context '' already defined,
 overwriting on input line 227.
Package biblatex Info: Delimiter 'nameyeardelim' in context '' already defined,
 overwriting on input line 227.
Package biblatex Info: Delimiter 'nameyeardelim' in context '' already defined,
 overwriting on input line 227.

Underfull \hbox (badness 6658) in paragraph at lines 227--227
[]|\OT1/cmr/m/n/8 Has se-ri-ous-ness of cli-mate
 []

Package biblatex Info: Delimiter 'nameyeardelim' in context '' already defined,
 overwriting on input line 227.
Package biblatex Info: Delimiter 'nameyeardelim' in context '' already defined,
 overwriting on input line 227.
Package biblatex Info: Delimiter 'nameyeardelim' in context '' already defined,
 overwriting on input line 227.

Underfull \hbox (badness 2582) in paragraph at lines 227--227
[]|[]\OT1/cmr/m/n/8 Fremstad, Milden-berger, Paul, and Stadelmann-
 []


Underfull \hbox (badness 2961) in paragraph at lines 227--227
[]|\OT1/cmr/m/n/8 Are you per-son-ally wor-ried
 []

Package biblatex Info: Delimiter 'nameyeardelim' in context '' already defined,
 overwriting on input line 227.
Package biblatex Info: Delimiter 'nameyeardelim' in context '' already defined,
 overwriting on input line 227.
Package biblatex Info: Delimiter 'nameyeardelim' in context '' already defined,
 overwriting on input line 227.
Package biblatex Info: Delimiter 'nameyeardelim' in context '' already defined,
 overwriting on input line 227.
Package biblatex Info: Delimiter 'nameyeardelim' in context '' already defined,
 overwriting on input line 227.
Package biblatex Info: Delimiter 'nameyeardelim' in context '' already defined,
 overwriting on input line 227.
Package biblatex Info: Delimiter 'nameyeardelim' in context '' already defined,
 overwriting on input line 227.

Underfull \hbox (badness 10000) in paragraph at lines 227--227
\OT1/cmr/m/n/8 [country-region] in next
 []

Package biblatex Info: Delimiter 'nameyeardelim' in context '' already defined,
 overwriting on input line 227.
Package biblatex Info: Delimiter 'nameyeardelim' in context '' already defined,
 overwriting on input line 227.
Package biblatex Info: Delimiter 'nameyeardelim' in context '' already defined,
 overwriting on input line 227.
Package biblatex Info: Delimiter 'nameyeardelim' in context '' already defined,
 overwriting on input line 227.
Package biblatex Info: Delimiter 'nameyeardelim' in context '' already defined,
 overwriting on input line 227.
Package biblatex Info: Delimiter 'nameyeardelim' in context '' already defined,
 overwriting on input line 227.
Package biblatex Info: Delimiter 'nameyeardelim' in context '' already defined,
 overwriting on input line 227.
Package biblatex Info: Delimiter 'nameyeardelim' in context '' already defined,
 overwriting on input line 227.
Package biblatex Info: Delimiter 'nameyeardelim' in context '' already defined,
 overwriting on input line 227.
Package biblatex Info: Delimiter 'nameyeardelim' in context '' already defined,
 overwriting on input line 227.

Underfull \hbox (badness 10000) in paragraph at lines 227--227
[]|\OT1/cmr/m/n/8 Is cli-mate change human-
 []

Package biblatex Info: Delimiter 'nameyeardelim' in context '' already defined,
 overwriting on input line 227.
Package biblatex Info: Delimiter 'nameyeardelim' in context '' already defined,
 overwriting on input line 227.

Underfull \hbox (badness 10000) in paragraph at lines 227--227
[]|\OT1/cmr/m/n/8 Is cli-mate change human-
 []

Package biblatex Info: Delimiter 'nameyeardelim' in context '' already defined,
 overwriting on input line 227.

Underfull \hbox (badness 10000) in paragraph at lines 227--227
[]|\OT1/cmr/m/n/8 Is cli-mate change human-
 []

Package biblatex Info: Delimiter 'nameyeardelim' in context '' already defined,
 overwriting on input line 227.

Underfull \hbox (badness 10000) in paragraph at lines 227--227
[]|\OT1/cmr/m/n/8 Is cli-mate change human-
 []

Package biblatex Info: Delimiter 'nameyeardelim' in context '' already defined,
 overwriting on input line 227.

Underfull \hbox (badness 10000) in paragraph at lines 227--227
[]|\OT1/cmr/m/n/8 Is cli-mate change human-
 []

Package biblatex Info: Delimiter 'nameyeardelim' in context '' already defined,
 overwriting on input line 227.
Package biblatex Info: Delimiter 'nameyeardelim' in context '' already defined,
 overwriting on input line 227.

Underfull \hbox (badness 10000) in paragraph at lines 227--227
[]|\OT1/cmr/m/n/8 Is cli-mate change human-
 []

Package biblatex Info: Delimiter 'nameyeardelim' in context '' already defined,
 overwriting on input line 227.

Underfull \hbox (badness 10000) in paragraph at lines 227--227
[]|\OT1/cmr/m/n/8 Is cli-mate change human-
 []

Package biblatex Info: Delimiter 'nameyeardelim' in context '' already defined,
 overwriting on input line 227.
Package biblatex Info: Delimiter 'nameyeardelim' in context '' already defined,
 overwriting on input line 227.

Underfull \hbox (badness 10000) in paragraph at lines 227--227
[]|\OT1/cmr/m/n/8 Does CO2 have only a
 []


Underfull \hbox (badness 1888) in paragraph at lines 227--227
\OT1/cmr/m/n/8 marginal im-pact on cli-mate
 []

Package biblatex Info: Delimiter 'nameyeardelim' in context '' already defined,
 overwriting on input line 227.

Underfull \hbox (badness 10000) in paragraph at lines 227--227
[]|\OT1/cmr/m/n/8 Does CO2 cause cli-mate
 []

Package biblatex Info: Delimiter 'nameyeardelim' in context '' already defined,
 overwriting on input line 227.

Underfull \hbox (badness 10000) in paragraph at lines 227--227
[]|\OT1/cmr/m/n/8 Does CO2 drive cli-mate
 []

Package biblatex Info: Delimiter 'nameyeardelim' in context '' already defined,
 overwriting on input line 227.

Underfull \hbox (badness 10000) in paragraph at lines 227--227
[]|\OT1/cmr/m/n/8 Does CO2 cause cli-mate
 []

Package biblatex Info: Delimiter 'nameyeardelim' in context '' already defined,
 overwriting on input line 227.

Underfull \hbox (badness 10000) in paragraph at lines 227--227
[]|\OT1/cmr/m/n/8 Is cli-mate change human-
 []

Package biblatex Info: Delimiter 'nameyeardelim' in context '' already defined,
 overwriting on input line 227.
Package biblatex Info: Delimiter 'nameyeardelim' in context '' already defined,
 overwriting on input line 227.
Package biblatex Info: Delimiter 'nameyeardelim' in context '' already defined,
 overwriting on input line 227.

Underfull \hbox (badness 10000) in paragraph at lines 227--227
[]|\OT1/cmr/m/n/8 Is cli-mate change human-
 []

Package biblatex Info: Delimiter 'nameyeardelim' in context '' already defined,
 overwriting on input line 227.
Package biblatex Info: Delimiter 'nameyeardelim' in context '' already defined,
 overwriting on input line 227.

Underfull \hbox (badness 10000) in paragraph at lines 227--227
[]|\OT1/cmr/m/n/8 Is cli-mate change human-
 []

Package biblatex Info: Delimiter 'nameyeardelim' in context '' already defined,
 overwriting on input line 227.

Underfull \hbox (badness 10000) in paragraph at lines 227--227
[]|\OT1/cmr/m/n/8 Does CO2 cause cli-mate
 []

Package biblatex Info: Delimiter 'nameyeardelim' in context '' already defined,
 overwriting on input line 227.

Underfull \hbox (badness 10000) in paragraph at lines 227--227
[]|\OT1/cmr/m/n/8 Is cli-mate change human-
 []

Package biblatex Info: Delimiter 'nameyeardelim' in context '' already defined,
 overwriting on input line 227.
Package biblatex Info: Delimiter 'nameyeardelim' in context '' already defined,
 overwriting on input line 227.
Package biblatex Info: Delimiter 'nameyeardelim' in context '' already defined,
 overwriting on input line 227.
Package biblatex Info: Delimiter 'nameyeardelim' in context '' already defined,
 overwriting on input line 227.
Package biblatex Info: Delimiter 'nameyeardelim' in context '' already defined,
 overwriting on input line 227.
Package biblatex Info: Delimiter 'nameyeardelim' in context '' already defined,
 overwriting on input line 227.
Package biblatex Info: Delimiter 'nameyeardelim' in context '' already defined,
 overwriting on input line 227.

Underfull \hbox (badness 1122) in paragraph at lines 227--227
[]|\OT1/cmr/m/n/8 Does cli-mate change im-pact
 []

Package biblatex Info: Delimiter 'nameyeardelim' in context '' already defined,
 overwriting on input line 227.

Underfull \hbox (badness 10000) in paragraph at lines 227--227
[]|\OT1/cmr/m/n/8 Is cli-mate change human-
 []

Package biblatex Info: Delimiter 'nameyeardelim' in context '' already defined,
 overwriting on input line 227.

Overfull \hbox (33.48904pt too wide) in alignment at lines 227--227
 [] [] [] [] 
 []

[1

{/usr/local/texlive/2023/texmf-var/fonts/map/pdftex/updmap/pdftex.map}]
pdfTeX warning (ext4): destination with the same identifier (name{page.}) has b
een already used, duplicate ignored
<to be read again> 
                   \relax 
l.227     ]{questions.csv}
                           [2]
pdfTeX warning (ext4): destination with the same identifier (name{page.}) has b
een already used, duplicate ignored
<to be read again> 
                   \relax 
l.227     ]{questions.csv}
                           [3]
pdfTeX warning (ext4): destination with the same identifier (name{page.}) has b
een already used, duplicate ignored
<to be read again> 
                   \relax 
l.227     ]{questions.csv}
                           [4]
pdfTeX warning (ext4): destination with the same identifier (name{page.}) has b
een already used, duplicate ignored
<to be read again> 
                   \relax 
l.233 \clearpage
                 [5] (./supp2.aux)
Package rerunfilecheck Info: File `supp2.out' has not changed.
(rerunfilecheck)             Checksum: D41D8CD98F00B204E9800998ECF8427E;0.
Package logreq Info: Writing requests to 'supp2.run.xml'.
\openout1 = `supp2.run.xml'.

 ) 
Here is how much of TeX's memory you used:
 44433 strings out of 476025
 1005328 string characters out of 5790017
 1986888 words of memory out of 5000000
 64060 multiletter control sequences out of 15000+600000
 513299 words of font info for 36 fonts, out of 8000000 for 9000
 1141 hyphenation exceptions out of 8191
 114i,10n,108p,1150b,1850s stack positions out of 10000i,1000n,20000p,200000b,200000s

pdfTeX warning (dest): name{cite.0@gd} has been referenced but does not exist, 
replaced by a fixed one


pdfTeX warning (dest): name{cite.0@ga} has been referenced but does not exist, 
replaced by a fixed one


pdfTeX warning (dest): name{cite.0@fy} has been referenced but does not exist, 
replaced by a fixed one


pdfTeX warning (dest): name{cite.0@fz} has been referenced but does not exist, 
replaced by a fixed one


pdfTeX warning (dest): name{cite.0@fx} has been referenced but does not exist, 
replaced by a fixed one


pdfTeX warning (dest): name{cite.0@fo} has been referenced but does not exist, 
replaced by a fixed one


pdfTeX warning (dest): name{cite.0@fn} has been referenced but does not exist, 
replaced by a fixed one


pdfTeX warning (dest): name{cite.0@fm} has been referenced but does not exist, 
replaced by a fixed one


pdfTeX warning (dest): name{cite.0@fr} has been referenced but does not exist, 
replaced by a fixed one


pdfTeX warning (dest): name{cite.0@fq} has been referenced but does not exist, 
replaced by a fixed one


pdfTeX warning (dest): name{cite.0@fs} has been referenced but does not exist, 
replaced by a fixed one


pdfTeX warning (dest): name{cite.0@fp} has been referenced but does not exist, 
replaced by a fixed one


pdfTeX warning (dest): name{cite.0@fj} has been referenced but does not exist, 
replaced by a fixed one


pdfTeX warning (dest): name{cite.0@fi} has been referenced but does not exist, 
replaced by a fixed one


pdfTeX warning (dest): name{cite.0@fh} has been referenced but does not exist, 
replaced by a fixed one


pdfTeX warning (dest): name{cite.0@fg} has been referenced but does not exist, 
replaced by a fixed one


pdfTeX warning (dest): name{cite.0@ff} has been referenced but does not exist, 
replaced by a fixed one


pdfTeX warning (dest): name{cite.0@ep} has been referenced but does not exist, 
replaced by a fixed one


pdfTeX warning (dest): name{cite.0@es} has been referenced but does not exist, 
replaced by a fixed one


pdfTeX warning (dest): name{cite.0@er} has been referenced but does not exist, 
replaced by a fixed one


pdfTeX warning (dest): name{cite.0@el} has been referenced but does not exist, 
replaced by a fixed one


pdfTeX warning (dest): name{cite.0@eq} has been referenced but does not exist, 
replaced by a fixed one


pdfTeX warning (dest): name{cite.0@ek} has been referenced but does not exist, 
replaced by a fixed one


pdfTeX warning (dest): name{cite.0@ej} has been referenced but does not exist, 
replaced by a fixed one


pdfTeX warning (dest): name{cite.0@dx} has been referenced but does not exist, 
replaced by a fixed one


pdfTeX warning (dest): name{cite.0@dw} has been referenced but does not exist, 
replaced by a fixed one


pdfTeX warning (dest): name{cite.0@dv} has been referenced but does not exist, 
replaced by a fixed one


pdfTeX warning (dest): name{cite.0@du} has been referenced but does not exist, 
replaced by a fixed one


pdfTeX warning (dest): name{cite.0@dt} has been referenced but does not exist, 
replaced by a fixed one


pdfTeX warning (dest): name{cite.0@j} has been referenced but does not exist, r
eplaced by a fixed one


pdfTeX warning (dest): name{cite.0@ag} has been referenced but does not exist, 
replaced by a fixed one


pdfTeX warning (dest): name{cite.0@de} has been referenced but does not exist, 
replaced by a fixed one


pdfTeX warning (dest): name{cite.0@by} has been referenced but does not exist, 
replaced by a fixed one


pdfTeX warning (dest): name{cite.0@bx} has been referenced but does not exist, 
replaced by a fixed one


pdfTeX warning (dest): name{cite.0@bw} has been referenced but does not exist, 
replaced by a fixed one


pdfTeX warning (dest): name{cite.0@gc} has been referenced but does not exist, 
replaced by a fixed one


pdfTeX warning (dest): name{cite.0@gb} has been referenced but does not exist, 
replaced by a fixed one


pdfTeX warning (dest): name{cite.0@bt} has been referenced but does not exist, 
replaced by a fixed one


pdfTeX warning (dest): name{cite.0@bs} has been referenced but does not exist, 
replaced by a fixed one


pdfTeX warning (dest): name{cite.0@br} has been referenced but does not exist, 
replaced by a fixed one


pdfTeX warning (dest): name{cite.0@bq} has been referenced but does not exist, 
replaced by a fixed one


pdfTeX warning (dest): name{cite.0@bv} has been referenced but does not exist, 
replaced by a fixed one


pdfTeX warning (dest): name{cite.0@bu} has been referenced but does not exist, 
replaced by a fixed one


pdfTeX warning (dest): name{cite.0@i} has been referenced but does not exist, r
eplaced by a fixed one


pdfTeX warning (dest): name{cite.0@bh} has been referenced but does not exist, 
replaced by a fixed one


pdfTeX warning (dest): name{cite.0@ai} has been referenced but does not exist, 
replaced by a fixed one


pdfTeX warning (dest): name{cite.0@ah} has been referenced but does not exist, 
replaced by a fixed one


pdfTeX warning (dest): name{cite.0@dr} has been referenced but does not exist, 
replaced by a fixed one


pdfTeX warning (dest): name{cite.0@dq} has been referenced but does not exist, 
replaced by a fixed one


pdfTeX warning (dest): name{cite.0@eh} has been referenced but does not exist, 
replaced by a fixed one


pdfTeX warning (dest): name{cite.0@ds} has been referenced but does not exist, 
replaced by a fixed one


pdfTeX warning (dest): name{cite.0@g} has been referenced but does not exist, r
eplaced by a fixed one


pdfTeX warning (dest): name{cite.0@aj} has been referenced but does not exist, 
replaced by a fixed one


pdfTeX warning (dest): name{cite.0@h} has been referenced but does not exist, r
eplaced by a fixed one


pdfTeX warning (dest): name{cite.0@cy} has been referenced but does not exist, 
replaced by a fixed one


pdfTeX warning (dest): name{cite.0@c} has been referenced but does not exist, r
eplaced by a fixed one


pdfTeX warning (dest): name{cite.0@cx} has been referenced but does not exist, 
replaced by a fixed one


pdfTeX warning (dest): name{cite.0@cp} has been referenced but does not exist, 
replaced by a fixed one


pdfTeX warning (dest): name{cite.0@co} has been referenced but does not exist, 
replaced by a fixed one


pdfTeX warning (dest): name{cite.0@cn} has been referenced but does not exist, 
replaced by a fixed one


pdfTeX warning (dest): name{cite.0@cm} has been referenced but does not exist, 
replaced by a fixed one


pdfTeX warning (dest): name{cite.0@cl} has been referenced but does not exist, 
replaced by a fixed one


pdfTeX warning (dest): name{cite.0@ck} has been referenced but does not exist, 
replaced by a fixed one


pdfTeX warning (dest): name{cite.0@cj} has been referenced but does not exist, 
replaced by a fixed one


pdfTeX warning (dest): name{cite.0@ci} has been referenced but does not exist, 
replaced by a fixed one


pdfTeX warning (dest): name{cite.0@ch} has been referenced but does not exist, 
replaced by a fixed one


pdfTeX warning (dest): name{cite.0@cg} has been referenced but does not exist, 
replaced by a fixed one


pdfTeX warning (dest): name{cite.0@cr} has been referenced but does not exist, 
replaced by a fixed one


pdfTeX warning (dest): name{cite.0@cq} has been referenced but does not exist, 
replaced by a fixed one


pdfTeX warning (dest): name{cite.0@dk} has been referenced but does not exist, 
replaced by a fixed one


pdfTeX warning (dest): name{cite.0@dj} has been referenced but does not exist, 
replaced by a fixed one


pdfTeX warning (dest): name{cite.0@di} has been referenced but does not exist, 
replaced by a fixed one


pdfTeX warning (dest): name{cite.0@dh} has been referenced but does not exist, 
replaced by a fixed one


pdfTeX warning (dest): name{cite.0@dz} has been referenced but does not exist, 
replaced by a fixed one


pdfTeX warning (dest): name{cite.0@bp} has been referenced but does not exist, 
replaced by a fixed one


pdfTeX warning (dest): name{cite.0@cz} has been referenced but does not exist, 
replaced by a fixed one


pdfTeX warning (dest): name{cite.0@r} has been referenced but does not exist, r
eplaced by a fixed one


pdfTeX warning (dest): name{cite.0@q} has been referenced but does not exist, r
eplaced by a fixed one


pdfTeX warning (dest): name{cite.0@bd} has been referenced but does not exist, 
replaced by a fixed one


pdfTeX warning (dest): name{cite.0@bc} has been referenced but does not exist, 
replaced by a fixed one


pdfTeX warning (dest): name{cite.0@az} has been referenced but does not exist, 
replaced by a fixed one


pdfTeX warning (dest): name{cite.0@eg} has been referenced but does not exist, 
replaced by a fixed one


pdfTeX warning (dest): name{cite.0@ay} has been referenced but does not exist, 
replaced by a fixed one


pdfTeX warning (dest): name{cite.0@ef} has been referenced but does not exist, 
replaced by a fixed one


pdfTeX warning (dest): name{cite.0@b} has been referenced but does not exist, r
eplaced by a fixed one


pdfTeX warning (dest): name{cite.0@ei} has been referenced but does not exist, 
replaced by a fixed one


pdfTeX warning (dest): name{cite.0@dy} has been referenced but does not exist, 
replaced by a fixed one


pdfTeX warning (dest): name{cite.0@fw} has been referenced but does not exist, 
replaced by a fixed one


pdfTeX warning (dest): name{cite.0@fv} has been referenced but does not exist, 
replaced by a fixed one


pdfTeX warning (dest): name{cite.0@e} has been referenced but does not exist, r
eplaced by a fixed one


pdfTeX warning (dest): name{cite.0@d} has been referenced but does not exist, r
eplaced by a fixed one


pdfTeX warning (dest): name{cite.0@f} has been referenced but does not exist, r
eplaced by a fixed one


pdfTeX warning (dest): name{cite.0@fu} has been referenced but does not exist, 
replaced by a fixed one


pdfTeX warning (dest): name{cite.0@ft} has been referenced but does not exist, 
replaced by a fixed one


pdfTeX warning (dest): name{cite.0@bo} has been referenced but does not exist, 
replaced by a fixed one


pdfTeX warning (dest): name{cite.0@bn} has been referenced but does not exist, 
replaced by a fixed one


pdfTeX warning (dest): name{cite.0@cf} has been referenced but does not exist, 
replaced by a fixed one


pdfTeX warning (dest): name{cite.0@bj} has been referenced but does not exist, 
replaced by a fixed one


pdfTeX warning (dest): name{cite.0@bi} has been referenced but does not exist, 
replaced by a fixed one


pdfTeX warning (dest): name{cite.0@bm} has been referenced but does not exist, 
replaced by a fixed one


pdfTeX warning (dest): name{cite.0@fl} has been referenced but does not exist, 
replaced by a fixed one


pdfTeX warning (dest): name{cite.0@cv} has been referenced but does not exist, 
replaced by a fixed one


pdfTeX warning (dest): name{cite.0@ae} has been referenced but does not exist, 
replaced by a fixed one


pdfTeX warning (dest): name{cite.0@cu} has been referenced but does not exist, 
replaced by a fixed one


pdfTeX warning (dest): name{cite.0@fk} has been referenced but does not exist, 
replaced by a fixed one


pdfTeX warning (dest): name{cite.0@cs} has been referenced but does not exist, 
replaced by a fixed one


pdfTeX warning (dest): name{cite.0@ad} has been referenced but does not exist, 
replaced by a fixed one


pdfTeX warning (dest): name{cite.0@ac} has been referenced but does not exist, 
replaced by a fixed one


pdfTeX warning (dest): name{cite.0@ab} has been referenced but does not exist, 
replaced by a fixed one


pdfTeX warning (dest): name{cite.0@z} has been referenced but does not exist, r
eplaced by a fixed one


pdfTeX warning (dest): name{cite.0@y} has been referenced but does not exist, r
eplaced by a fixed one


pdfTeX warning (dest): name{cite.0@x} has been referenced but does not exist, r
eplaced by a fixed one


pdfTeX warning (dest): name{cite.0@w} has been referenced but does not exist, r
eplaced by a fixed one


pdfTeX warning (dest): name{cite.0@v} has been referenced but does not exist, r
eplaced by a fixed one


pdfTeX warning (dest): name{cite.0@u} has been referenced but does not exist, r
eplaced by a fixed one


pdfTeX warning (dest): name{cite.0@t} has been referenced but does not exist, r
eplaced by a fixed one


pdfTeX warning (dest): name{cite.0@s} has been referenced but does not exist, r
eplaced by a fixed one


pdfTeX warning (dest): name{cite.0@ct} has been referenced but does not exist, 
replaced by a fixed one


pdfTeX warning (dest): name{cite.0@fe} has been referenced but does not exist, 
replaced by a fixed one


pdfTeX warning (dest): name{cite.0@do} has been referenced but does not exist, 
replaced by a fixed one


pdfTeX warning (dest): name{cite.0@dn} has been referenced but does not exist, 
replaced by a fixed one


pdfTeX warning (dest): name{cite.0@dm} has been referenced but does not exist, 
replaced by a fixed one


pdfTeX warning (dest): name{cite.0@dl} has been referenced but does not exist, 
replaced by a fixed one


pdfTeX warning (dest): name{cite.0@fd} has been referenced but does not exist, 
replaced by a fixed one


pdfTeX warning (dest): name{cite.0@dg} has been referenced but does not exist, 
replaced by a fixed one


pdfTeX warning (dest): name{cite.0@df} has been referenced but does not exist, 
replaced by a fixed one


pdfTeX warning (dest): name{cite.0@fb} has been referenced but does not exist, 
replaced by a fixed one


pdfTeX warning (dest): name{cite.0@fc} has been referenced but does not exist, 
replaced by a fixed one


pdfTeX warning (dest): name{cite.0@fa} has been referenced but does not exist, 
replaced by a fixed one


pdfTeX warning (dest): name{cite.0@ce} has been referenced but does not exist, 
replaced by a fixed one


pdfTeX warning (dest): name{cite.0@cd} has been referenced but does not exist, 
replaced by a fixed one


pdfTeX warning (dest): name{cite.0@bz} has been referenced but does not exist, 
replaced by a fixed one


pdfTeX warning (dest): name{cite.0@bg} has been referenced but does not exist, 
replaced by a fixed one


pdfTeX warning (dest): name{cite.0@bf} has been referenced but does not exist, 
replaced by a fixed one


pdfTeX warning (dest): name{cite.0@be} has been referenced but does not exist, 
replaced by a fixed one

</usr/local/texlive/2023/texmf-dist/fonts/type1/public/amsfonts/cm/cmbx8.pfb></
usr/local/texlive/2023/texmf-dist/fonts/type1/public/amsfonts/cm/cmr12.pfb></us
r/local/texlive/2023/texmf-dist/fonts/type1/public/amsfonts/cm/cmr8.pfb>
Output written on supp2.pdf (5 pages, 71533 bytes).
PDF statistics:
 555 PDF objects out of 1000 (max. 8388607)
 536 compressed objects within 6 object streams
 138 named destinations out of 1000 (max. 500000)
 13 words of extra memory for PDF output out of 10000 (max. 10000000)

